TN:
SF:src/config.ts
FN:13,getSourcePath
FN:24,(anonymous_2)
FN:37,(anonymous_3)
FN:50,(anonymous_4)
FN:294,(anonymous_5)
FN:295,(anonymous_6)
FN:296,(anonymous_7)
FN:297,(anonymous_8)
FN:301,(anonymous_9)
FN:302,(anonymous_10)
FN:303,(anonymous_11)
FN:304,(anonymous_12)
FN:305,(anonymous_13)
FN:306,(anonymous_14)
FN:307,(anonymous_15)
FN:308,(anonymous_16)
FN:309,(anonymous_17)
FN:310,(anonymous_18)
FN:311,(anonymous_19)
FN:315,(anonymous_20)
FN:334,(anonymous_21)
FN:335,(anonymous_22)
FN:336,(anonymous_23)
FN:361,(anonymous_24)
FN:362,(anonymous_25)
FN:363,(anonymous_26)
FN:364,(anonymous_27)
FN:367,(anonymous_28)
FNF:28
FNH:26
FNDA:5,getSourcePath
FNDA:6,(anonymous_2)
FNDA:26,(anonymous_3)
FNDA:6,(anonymous_4)
FNDA:18356,(anonymous_5)
FNDA:3,(anonymous_6)
FNDA:1,(anonymous_7)
FNDA:11,(anonymous_8)
FNDA:5,(anonymous_9)
FNDA:18,(anonymous_10)
FNDA:36,(anonymous_11)
FNDA:7,(anonymous_12)
FNDA:0,(anonymous_13)
FNDA:5,(anonymous_14)
FNDA:48,(anonymous_15)
FNDA:15,(anonymous_16)
FNDA:4,(anonymous_17)
FNDA:140,(anonymous_18)
FNDA:16,(anonymous_19)
FNDA:2,(anonymous_20)
FNDA:4,(anonymous_21)
FNDA:140,(anonymous_22)
FNDA:6,(anonymous_23)
FNDA:4,(anonymous_24)
FNDA:7,(anonymous_25)
FNDA:0,(anonymous_26)
FNDA:7,(anonymous_27)
FNDA:5,(anonymous_28)
DA:6,3
DA:7,3
DA:9,3
DA:10,3
DA:14,5
DA:15,5
DA:16,5
DA:17,10
DA:19,5
DA:22,3
DA:25,6
DA:26,1
DA:29,5
DA:30,26
DA:35,3
DA:38,26
DA:39,2
DA:42,24
DA:43,309
DA:48,3
DA:51,6
DA:52,1
DA:57,3
DA:260,3
DA:261,3
DA:262,3
DA:290,3
DA:293,3
DA:294,18356
DA:295,3
DA:296,1
DA:298,11
DA:299,11
DA:301,5
DA:302,18
DA:303,36
DA:304,7
DA:305,0
DA:306,5
DA:307,48
DA:308,15
DA:309,4
DA:310,140
DA:312,16
DA:313,16
DA:316,2
DA:334,4
DA:335,140
DA:337,6
DA:338,6
DA:339,0
DA:342,6
DA:361,4
DA:362,7
DA:363,0
DA:364,7
DA:367,3
DA:368,5
DA:369,5
DA:370,5
DA:372,3
DA:373,3
LF:62
LH:59
BRDA:16,0,0,15
BRDA:16,0,1,15
BRDA:25,1,0,1
BRDA:38,2,0,2
BRDA:51,3,0,1
BRDA:299,4,0,0
BRDA:299,4,1,11
BRDA:305,5,0,0
BRDA:305,5,1,0
BRDA:305,6,0,0
BRDA:305,6,1,0
BRDA:307,7,0,15
BRDA:307,7,1,33
BRDA:308,8,0,4
BRDA:308,8,1,11
BRDA:313,9,0,1
BRDA:313,9,1,15
BRDA:316,10,0,1
BRDA:316,10,1,1
BRDA:335,11,0,71
BRDA:335,11,1,69
BRDA:338,12,0,0
BRDA:342,13,0,3
BRDA:342,13,1,3
BRDA:361,14,0,4
BRDA:361,14,1,0
BRDA:361,15,0,4
BRDA:361,15,1,4
BRDA:362,16,0,7
BRDA:362,16,1,0
BRDA:362,17,0,7
BRDA:362,17,1,7
BRDA:372,18,0,3
BRDA:372,18,1,0
BRDA:372,19,0,3
BRDA:372,19,1,3
BRF:36
BRH:27
end_of_record
TN:
SF:src/logger.ts
FN:8,(anonymous_0)
FN:25,(anonymous_1)
FN:28,(anonymous_2)
FN:31,(anonymous_3)
FN:34,(anonymous_4)
FNF:5
FNH:3
FNDA:2,(anonymous_0)
FNDA:96,(anonymous_1)
FNDA:28,(anonymous_2)
FNDA:0,(anonymous_3)
FNDA:0,(anonymous_4)
DA:8,4
DA:9,2
DA:10,2
DA:18,1
DA:20,1
DA:24,4
DA:26,96
DA:29,28
DA:32,0
DA:35,0
LF:10
LH:8
BRDA:10,0,0,1
BRDA:10,0,1,1
BRDA:10,0,2,1
BRDA:10,0,3,1
BRDA:10,0,4,1
BRDA:10,0,5,1
BRDA:10,0,6,1
BRDA:10,0,7,1
BRF:8
BRH:8
end_of_record
TN:
SF:src/constructs/construct-support.ts
FN:11,(anonymous_0)
FNF:1
FNH:1
FNDA:54,(anonymous_0)
DA:6,2
DA:8,2
DA:11,2
DA:12,54
LF:4
LH:4
BRF:0
BRH:0
end_of_record
TN:
SF:src/constructs/dea-app-registry.ts
FN:22,(anonymous_0)
FN:30,(anonymous_1)
FN:45,(anonymous_2)
FN:58,(anonymous_3)
FN:69,(anonymous_4)
FNF:5
FNH:0
FNDA:0,(anonymous_0)
FNDA:0,(anonymous_1)
FNDA:0,(anonymous_2)
FNDA:0,(anonymous_3)
FNDA:0,(anonymous_4)
DA:6,0
DA:7,0
DA:8,0
DA:18,0
DA:23,0
DA:24,0
DA:25,0
DA:26,0
DA:27,0
DA:31,0
DA:40,0
DA:42,0
DA:46,0
DA:59,0
DA:60,0
DA:61,0
DA:62,0
DA:63,0
DA:64,0
DA:66,0
DA:70,0
DA:71,0
DA:75,0
DA:79,0
LF:24
LH:0
BRF:0
BRH:0
end_of_record
TN:
SF:src/constructs/dea-audit-trail.ts
FN:34,(anonymous_6)
FN:70,(anonymous_7)
FN:187,(anonymous_8)
FN:195,(anonymous_9)
FNF:4
FNH:4
FNDA:7,(anonymous_6)
FNDA:7,(anonymous_7)
FNDA:14,(anonymous_8)
FNDA:21,(anonymous_9)
DA:6,2
DA:7,2
DA:8,2
DA:9,2
DA:11,2
DA:12,2
DA:20,2
DA:21,2
DA:29,2
DA:40,7
DA:42,7
DA:44,7
DA:45,7
DA:52,7
DA:55,7
DA:56,7
DA:57,7
DA:60,7
DA:61,7
DA:62,7
DA:65,7
DA:66,7
DA:67,7
DA:77,7
DA:88,7
DA:89,5
DA:99,5
DA:111,7
DA:112,7
DA:113,7
DA:125,7
DA:139,7
DA:146,7
DA:149,7
DA:153,7
DA:154,6
DA:160,6
DA:167,7
DA:168,7
DA:169,7
DA:179,7
DA:180,7
DA:181,7
DA:184,7
DA:188,14
DA:196,21
LF:46
LH:46
BRDA:56,0,0,7
BRDA:61,1,0,7
BRDA:88,2,0,5
BRDA:112,3,0,7
BRDA:149,4,0,7
BRDA:149,4,1,7
BRDA:149,4,2,7
BRDA:153,5,0,6
BRDA:168,6,0,7
BRDA:180,7,0,7
BRF:10
BRH:10
end_of_record
TN:
SF:src/constructs/dea-auth.ts
FN:79,(anonymous_6)
FN:101,(anonymous_7)
FN:128,(anonymous_8)
FN:169,(anonymous_9)
FN:210,(anonymous_10)
FN:211,(anonymous_11)
FN:247,(anonymous_12)
FN:280,(anonymous_13)
FN:353,(anonymous_14)
FN:437,(anonymous_15)
FN:501,(anonymous_16)
FN:513,(anonymous_17)
FN:515,(anonymous_18)
FN:516,(anonymous_19)
FN:521,(anonymous_20)
FN:531,(anonymous_21)
FNF:16
FNH:15
FNDA:0,(anonymous_6)
FNDA:4,(anonymous_7)
FNDA:32,(anonymous_8)
FNDA:4,(anonymous_9)
FNDA:32,(anonymous_10)
FNDA:412,(anonymous_11)
FNDA:4,(anonymous_12)
FNDA:32,(anonymous_13)
FNDA:4,(anonymous_14)
FNDA:4,(anonymous_15)
FNDA:32,(anonymous_16)
FNDA:32,(anonymous_17)
FNDA:412,(anonymous_18)
FNDA:412,(anonymous_19)
FNDA:1,(anonymous_20)
FNDA:4,(anonymous_21)
DA:6,1
DA:7,1
DA:8,1
DA:9,1
DA:11,1
DA:23,1
DA:33,1
DA:34,1
DA:35,1
DA:76,1
DA:80,0
DA:81,0
DA:91,0
DA:94,0
DA:98,1
DA:102,4
DA:104,4
DA:105,4
DA:106,4
DA:107,0
DA:110,4
DA:125,4
DA:135,32
DA:139,32
DA:143,32
DA:144,32
DA:154,32
DA:156,32
DA:179,4
DA:180,0
DA:185,4
DA:191,4
DA:192,4
DA:199,4
DA:209,4
DA:210,4
DA:211,412
DA:212,32
DA:213,32
DA:221,32
DA:244,4
DA:254,4
DA:263,4
DA:278,4
DA:279,4
DA:280,4
DA:281,32
DA:289,4
DA:290,4
DA:308,4
DA:312,4
DA:316,4
DA:320,4
DA:324,4
DA:328,4
DA:332,4
DA:357,4
DA:362,4
DA:363,4
DA:364,4
DA:367,4
DA:369,4
DA:409,4
DA:413,4
DA:414,1
DA:420,1
DA:423,4
DA:430,4
DA:436,4
DA:437,4
DA:438,4
DA:441,4
DA:442,2
DA:443,2
DA:448,4
DA:450,4
DA:451,1
DA:452,1
DA:467,1
DA:470,4
DA:494,4
DA:498,4
DA:509,32
DA:510,32
DA:514,32
DA:515,412
DA:516,412
DA:517,32
DA:518,32
DA:522,1
DA:523,1
DA:527,0
DA:528,0
DA:537,4
DA:538,0
DA:553,0
DA:568,4
DA:583,4
DA:598,4
LF:99
LH:89
BRDA:80,0,0,0
BRDA:80,0,1,0
BRDA:84,1,0,0
BRDA:84,1,1,0
BRDA:84,2,0,0
BRDA:84,2,1,0
BRDA:106,3,0,0
BRDA:106,4,0,4
BRDA:106,4,1,0
BRDA:179,5,0,0
BRDA:179,5,1,4
BRDA:413,6,0,1
BRDA:441,7,0,2
BRDA:450,8,0,1
BRDA:450,9,0,4
BRDA:450,9,1,4
BRDA:494,10,0,0
BRDA:494,10,1,4
BRDA:522,11,0,1
BRDA:537,12,0,0
BRDA:537,12,1,4
BRF:21
BRH:10
end_of_record
TN:
SF:src/constructs/dea-backend-stack.ts
FN:36,(anonymous_0)
FN:64,(anonymous_1)
FN:93,(anonymous_2)
FN:108,(anonymous_3)
FN:158,(anonymous_4)
FN:212,(anonymous_5)
FNF:6
FNH:6
FNDA:7,(anonymous_0)
FNDA:7,(anonymous_1)
FNDA:7,(anonymous_2)
FNDA:14,(anonymous_3)
FNDA:7,(anonymous_4)
FNDA:7,(anonymous_5)
DA:7,2
DA:8,2
DA:9,2
DA:11,2
DA:20,2
DA:21,2
DA:22,2
DA:31,2
DA:42,7
DA:44,7
DA:45,7
DA:46,7
DA:47,7
DA:48,7
DA:55,7
DA:57,7
DA:58,7
DA:59,7
DA:60,7
DA:61,7
DA:65,7
DA:76,7
DA:83,7
DA:90,7
DA:97,7
DA:108,14
DA:110,7
DA:125,7
DA:126,7
DA:127,7
DA:139,7
DA:140,7
DA:141,7
DA:152,7
DA:155,7
DA:164,7
DA:187,7
DA:188,7
DA:189,7
DA:191,7
DA:196,7
DA:197,7
DA:198,7
DA:209,7
DA:213,7
DA:219,7
LF:46
LH:46
BRDA:126,0,0,7
BRDA:140,1,0,7
BRDA:188,2,0,7
BRDA:197,3,0,7
BRF:4
BRH:4
end_of_record
TN:
SF:src/constructs/dea-event-handlers.ts
FN:42,(anonymous_1)
FN:108,(anonymous_2)
FN:122,(anonymous_3)
FN:181,(anonymous_4)
FN:203,(anonymous_5)
FN:253,(anonymous_6)
FNF:6
FNH:6
FNDA:4,(anonymous_1)
FNDA:4,(anonymous_2)
FNDA:8,(anonymous_3)
FNDA:4,(anonymous_4)
FNDA:4,(anonymous_5)
FNDA:4,(anonymous_6)
DA:6,1
DA:7,1
DA:8,1
DA:9,1
DA:18,1
DA:19,1
DA:20,1
DA:21,1
DA:22,1
DA:37,1
DA:43,4
DA:45,4
DA:52,4
DA:60,4
DA:67,4
DA:75,4
DA:77,4
DA:92,4
DA:94,4
DA:100,4
DA:109,4
DA:129,8
DA:150,8
DA:151,8
DA:152,8
DA:174,8
DA:178,8
DA:182,4
DA:186,4
DA:193,4
DA:200,4
DA:209,4
DA:212,4
DA:217,4
DA:224,4
DA:236,4
DA:243,4
DA:250,4
DA:259,4
DA:262,4
DA:267,4
DA:280,4
DA:287,4
DA:294,4
LF:44
LH:44
BRDA:151,0,0,8
BRF:1
BRH:1
end_of_record
TN:
SF:src/constructs/dea-ops-dashboard.ts
FN:60,(anonymous_0)
FN:114,(anonymous_1)
FN:126,(anonymous_2)
FN:224,(anonymous_3)
FN:295,(anonymous_4)
FN:370,(anonymous_5)
FNF:6
FNH:6
FNDA:7,(anonymous_0)
FNDA:140,(anonymous_1)
FNDA:138,(anonymous_2)
FNDA:7,(anonymous_3)
FNDA:146,(anonymous_4)
FNDA:146,(anonymous_5)
DA:6,2
DA:8,2
DA:18,2
DA:20,2
DA:23,2
DA:24,2
DA:25,2
DA:26,2
DA:27,2
DA:28,2
DA:29,2
DA:30,2
DA:32,2
DA:61,7
DA:63,7
DA:64,7
DA:65,7
DA:68,7
DA:69,7
DA:70,7
DA:72,7
DA:73,7
DA:74,7
DA:76,7
DA:77,7
DA:78,7
DA:80,7
DA:81,7
DA:82,7
DA:85,7
DA:86,7
DA:87,7
DA:89,7
DA:90,7
DA:91,7
DA:93,7
DA:94,7
DA:95,7
DA:97,7
DA:98,7
DA:99,7
DA:102,7
DA:103,7
DA:104,7
DA:105,7
DA:106,7
DA:115,140
DA:127,138
DA:133,138
DA:142,138
DA:152,138
DA:162,138
DA:172,138
DA:173,138
DA:182,138
DA:201,138
DA:202,32
DA:203,32
DA:204,32
DA:205,32
DA:206,106
DA:207,78
DA:208,78
DA:209,78
DA:210,78
DA:211,28
DA:212,20
DA:213,20
DA:214,20
DA:215,20
DA:217,8
DA:218,8
DA:219,8
DA:220,8
DA:225,7
DA:226,7
DA:228,7
DA:238,56
DA:248,7
DA:259,7
DA:262,7
DA:263,7
DA:267,7
DA:276,7
DA:285,7
DA:301,146
DA:302,138
DA:303,32
DA:309,106
DA:310,78
DA:316,28
DA:317,20
DA:324,8
DA:332,8
DA:340,146
DA:341,8
DA:359,8
DA:376,146
DA:379,146
DA:380,146
LF:100
LH:100
BRDA:172,0,0,0
BRDA:172,0,1,138
BRDA:172,1,0,138
BRDA:172,1,1,138
BRDA:201,2,0,32
BRDA:201,2,1,106
BRDA:206,3,0,78
BRDA:206,3,1,28
BRDA:211,4,0,20
BRDA:211,4,1,8
BRDA:298,5,0,8
BRDA:299,6,0,138
BRDA:301,7,0,138
BRDA:301,7,1,8
BRDA:302,8,0,32
BRDA:302,8,1,106
BRDA:309,9,0,78
BRDA:309,9,1,28
BRDA:316,10,0,20
BRDA:316,10,1,8
BRDA:340,11,0,8
BRF:21
BRH:20
end_of_record
TN:
SF:src/constructs/dea-parameters.ts
FN:32,(anonymous_0)
FN:40,(anonymous_1)
FN:67,(anonymous_2)
FN:78,(anonymous_3)
FN:80,(anonymous_4)
FN:91,(anonymous_5)
FN:102,(anonymous_6)
FNF:7
FNH:6
FNDA:0,(anonymous_0)
FNDA:4,(anonymous_1)
FNDA:4,(anonymous_2)
FNDA:4,(anonymous_3)
FNDA:32,(anonymous_4)
FNDA:4,(anonymous_5)
FNDA:4,(anonymous_6)
DA:6,1
DA:8,1
DA:9,1
DA:10,1
DA:11,1
DA:31,1
DA:33,0
DA:35,0
DA:39,1
DA:41,4
DA:43,4
DA:47,4
DA:51,4
DA:55,4
DA:64,4
DA:68,4
DA:69,4
DA:79,4
DA:80,4
DA:81,32
DA:92,4
DA:93,4
DA:110,4
DA:114,4
DA:116,4
DA:124,4
DA:132,4
DA:140,4
DA:148,4
DA:156,4
DA:158,1
LF:31
LH:29
BRDA:156,0,0,1
BRF:1
BRH:1
end_of_record
TN:
SF:src/constructs/dea-rest-api.ts
FN:74,(anonymous_1)
FN:218,(anonymous_2)
FN:249,(anonymous_3)
FN:261,(anonymous_4)
FN:283,(anonymous_5)
FN:299,(anonymous_6)
FN:300,(anonymous_7)
FN:302,(anonymous_8)
FN:330,(anonymous_9)
FN:360,(anonymous_10)
FN:423,(anonymous_11)
FN:517,(anonymous_12)
FN:539,(anonymous_13)
FNF:13
FNH:12
FNDA:4,(anonymous_1)
FNDA:4,(anonymous_2)
FNDA:0,(anonymous_3)
FNDA:4,(anonymous_4)
FNDA:140,(anonymous_5)
FNDA:138,(anonymous_6)
FNDA:592,(anonymous_7)
FNDA:454,(anonymous_8)
FNDA:4,(anonymous_9)
FNDA:138,(anonymous_10)
FNDA:4,(anonymous_11)
FNDA:4,(anonymous_12)
FNDA:4,(anonymous_13)
DA:6,1
DA:7,1
DA:8,1
DA:9,1
DA:19,1
DA:20,1
DA:29,1
DA:30,1
DA:31,1
DA:32,1
DA:33,1
DA:34,1
DA:35,1
DA:41,1
DA:42,1
DA:44,1
DA:45,1
DA:63,1
DA:80,4
DA:82,4
DA:84,4
DA:93,4
DA:95,4
DA:97,4
DA:99,4
DA:103,4
DA:117,4
DA:121,4
DA:123,4
DA:125,4
DA:129,4
DA:130,4
DA:136,4
DA:137,0
DA:148,4
DA:203,4
DA:204,0
DA:213,4
DA:215,4
DA:219,4
DA:220,4
DA:222,4
DA:223,4
DA:224,0
DA:227,4
DA:245,4
DA:249,4
DA:251,4
DA:258,4
DA:262,4
DA:270,4
DA:275,4
DA:279,4
DA:283,4
DA:285,140
DA:286,2
DA:293,138
DA:294,138
DA:295,138
DA:300,592
DA:301,138
DA:302,138
DA:303,454
DA:304,454
DA:305,164
DA:308,454
DA:309,138
DA:315,138
DA:318,138
DA:320,138
DA:322,138
DA:323,8
DA:324,8
DA:325,8
DA:326,8
DA:329,138
DA:330,4
DA:331,4
DA:332,4
DA:336,138
DA:337,126
DA:338,126
DA:341,138
DA:345,138
DA:351,138
DA:352,0
DA:354,138
DA:356,454
DA:366,138
DA:390,138
DA:397,138
DA:398,138
DA:399,138
DA:420,138
DA:431,4
DA:433,4
DA:436,4
DA:441,4
DA:456,4
DA:472,4
DA:479,4
DA:486,4
DA:493,4
DA:500,4
DA:507,4
DA:514,4
DA:518,4
DA:522,4
DA:529,4
DA:536,4
DA:540,4
DA:542,4
DA:545,4
DA:550,4
DA:557,4
DA:566,4
LF:116
LH:112
BRDA:131,0,0,4
BRDA:131,0,1,0
BRDA:131,0,2,0
BRDA:131,0,3,0
BRDA:136,1,0,0
BRDA:141,2,0,0
BRDA:141,2,1,0
BRDA:141,3,0,0
BRDA:141,3,1,0
BRDA:143,4,0,0
BRDA:143,4,1,0
BRDA:143,5,0,0
BRDA:143,5,1,0
BRDA:203,6,0,0
BRDA:206,7,0,0
BRDA:206,7,1,0
BRDA:206,8,0,0
BRDA:206,8,1,0
BRDA:207,9,0,0
BRDA:207,9,1,0
BRDA:207,10,0,0
BRDA:207,10,1,0
BRDA:223,11,0,0
BRDA:285,12,0,2
BRDA:285,13,0,140
BRDA:285,13,1,4
BRDA:293,14,0,20
BRDA:293,14,1,118
BRDA:304,15,0,164
BRDA:308,16,0,138
BRDA:322,17,0,8
BRDA:329,18,0,4
BRDA:336,19,0,126
BRDA:348,20,0,20
BRDA:348,20,1,118
BRDA:348,21,0,138
BRDA:348,21,1,138
BRDA:351,22,0,0
BRDA:398,23,0,138
BRF:39
BRH:16
end_of_record
TN:
SF:src/handlers/complete-case-file-upload-handler.ts
FNF:0
FNH:0
DA:6,1
DA:7,1
DA:8,1
DA:10,1
LF:4
LH:4
BRF:0
BRH:0
end_of_record
TN:
SF:src/handlers/create-case-owner-handler.ts
FNF:0
FNH:0
DA:6,1
DA:7,1
DA:9,1
LF:3
LH:3
BRF:0
BRH:0
end_of_record
TN:
SF:src/handlers/create-case-user-handler.ts
FNF:0
FNH:0
DA:6,1
DA:7,1
DA:8,1
DA:10,1
LF:4
LH:4
BRF:0
BRH:0
end_of_record
TN:
SF:src/handlers/create-cases-handler.ts
FNF:0
FNH:0
DA:6,1
DA:7,1
DA:9,1
LF:3
LH:3
BRF:0
BRH:0
end_of_record
TN:
SF:src/handlers/create-dea-handler.ts
FN:32,(anonymous_1)
FN:41,(anonymous_2)
FN:104,(anonymous_3)
FN:115,(anonymous_4)
FN:129,(anonymous_5)
FN:178,(anonymous_6)
FN:183,(anonymous_7)
FN:192,(anonymous_8)
FN:224,(anonymous_9)
FNF:9
FNH:9
FNDA:67,(anonymous_1)
FNDA:32,(anonymous_2)
FNDA:13,(anonymous_3)
FNDA:32,(anonymous_4)
FNDA:32,(anonymous_5)
FNDA:81,(anonymous_6)
FNDA:559,(anonymous_7)
FNDA:32,(anonymous_8)
FNDA:17,(anonymous_9)
DA:7,3
DA:9,3
DA:10,3
DA:11,3
DA:20,3
DA:24,3
DA:25,3
DA:26,3
DA:28,3
DA:32,3
DA:41,67
DA:42,32
DA:43,32
DA:44,32
DA:45,32
DA:46,32
DA:47,32
DA:48,32
DA:50,32
DA:51,1
DA:55,1
DA:58,31
DA:59,1
DA:63,1
DA:70,30
DA:72,30
DA:74,30
DA:75,18
DA:76,17
DA:78,17
DA:80,18
DA:82,14
DA:83,14
DA:84,13
DA:85,13
DA:86,13
DA:90,1
DA:97,32
DA:101,67
DA:104,3
DA:106,13
DA:107,0
DA:109,13
DA:110,13
DA:112,0
DA:115,3
DA:116,32
DA:129,3
DA:130,32
DA:131,27
DA:138,5
DA:139,1
DA:145,4
DA:146,1
DA:152,3
DA:153,3
DA:154,3
DA:155,1
DA:163,2
DA:164,1
DA:165,1
DA:172,1
DA:178,3
DA:179,81
DA:180,81
DA:181,81
DA:182,81
DA:183,559
DA:185,81
DA:186,2
DA:189,79
DA:192,3
DA:193,32
DA:195,32
DA:198,32
DA:199,3
DA:200,3
DA:201,2
DA:206,1
DA:210,29
DA:211,0
DA:212,0
DA:213,0
DA:218,0
DA:221,29
DA:224,3
DA:229,17
DA:232,17
DA:235,17
DA:241,8
DA:244,9
DA:247,9
DA:249,2
DA:250,2
DA:251,1
DA:255,1
DA:256,1
DA:261,9
DA:263,2
DA:264,2
DA:265,1
DA:269,1
DA:270,1
DA:275,9
DA:277,9
DA:278,1
DA:282,1
DA:283,1
DA:289,9
DA:290,3
LF:110
LH:104
BRDA:38,0,0,35
BRDA:39,1,0,67
BRDA:50,2,0,1
BRDA:58,3,0,1
BRDA:75,4,0,17
BRDA:75,5,0,18
BRDA:75,5,1,18
BRDA:83,6,0,13
BRDA:85,7,0,13
BRDA:106,8,0,0
BRDA:109,9,0,13
BRDA:123,10,0,0
BRDA:123,10,1,32
BRDA:123,11,0,32
BRDA:123,11,1,32
BRDA:124,12,0,0
BRDA:124,12,1,32
BRDA:124,13,0,32
BRDA:124,13,1,32
BRDA:130,14,0,27
BRDA:138,15,0,1
BRDA:145,16,0,1
BRDA:152,17,0,3
BRDA:154,18,0,1
BRDA:163,19,0,1
BRDA:183,20,0,559
BRDA:183,20,1,88
BRDA:185,21,0,2
BRDA:195,22,0,32
BRDA:195,22,1,29
BRDA:195,22,2,29
BRDA:198,23,0,3
BRDA:198,24,0,32
BRDA:198,24,1,3
BRDA:201,25,0,0
BRDA:201,25,1,2
BRDA:201,26,0,2
BRDA:201,26,1,2
BRDA:210,27,0,0
BRDA:210,28,0,29
BRDA:210,28,1,0
BRDA:213,29,0,0
BRDA:213,29,1,0
BRDA:213,30,0,0
BRDA:213,30,1,0
BRDA:221,31,0,0
BRDA:221,31,1,29
BRDA:221,32,0,29
BRDA:221,32,1,29
BRDA:232,33,0,17
BRDA:232,33,1,14
BRDA:235,34,0,8
BRDA:236,35,0,17
BRDA:236,35,1,15
BRDA:236,35,2,13
BRDA:236,35,3,11
BRDA:247,36,0,2
BRDA:250,37,0,1
BRDA:261,38,0,2
BRDA:264,39,0,1
BRDA:277,40,0,1
BRDA:277,41,0,9
BRDA:277,41,1,2
BRDA:289,42,0,3
BRDA:290,43,0,2
BRDA:290,43,1,1
BRDA:290,44,0,3
BRDA:290,44,1,3
BRF:68
BRH:57
end_of_record
TN:
SF:src/handlers/delete-case-handler.ts
FNF:0
FNH:0
DA:6,1
DA:7,1
DA:9,1
LF:3
LH:3
BRF:0
BRH:0
end_of_record
TN:
SF:src/handlers/delete-case-user-handler.ts
FNF:0
FNH:0
DA:6,1
DA:7,1
DA:8,1
DA:10,1
LF:4
LH:4
BRF:0
BRH:0
end_of_record
TN:
SF:src/handlers/download-case-file-handler.ts
FNF:0
FNH:0
DA:6,1
DA:7,1
DA:8,1
DA:10,1
LF:4
LH:4
BRF:0
BRH:0
end_of_record
TN:
SF:src/handlers/exception-handlers.ts
FN:29,(anonymous_1)
FN:37,(anonymous_2)
FN:45,(anonymous_3)
FN:49,(anonymous_4)
FN:55,(anonymous_5)
FN:63,(anonymous_6)
FN:71,(anonymous_7)
FN:78,(anonymous_8)
FNF:8
FNH:8
FNDA:1,(anonymous_1)
FNDA:3,(anonymous_2)
FNDA:2,(anonymous_3)
FNDA:1,(anonymous_4)
FNDA:1,(anonymous_5)
FNDA:1,(anonymous_6)
FNDA:3,(anonymous_7)
FNDA:3,(anonymous_8)
DA:6,3
DA:7,3
DA:8,3
DA:9,3
DA:10,3
DA:11,3
DA:13,3
DA:14,3
DA:16,3
DA:17,3
DA:19,3
DA:22,3
DA:29,3
DA:30,1
DA:31,1
DA:37,3
DA:38,3
DA:39,3
DA:45,3
DA:46,2
DA:47,1
DA:49,1
DA:52,1
DA:55,3
DA:56,1
DA:57,1
DA:63,3
DA:64,1
DA:65,1
DA:71,3
DA:72,3
DA:78,3
DA:79,3
DA:80,3
DA:86,3
DA:87,3
DA:89,3
DA:90,3
DA:91,3
DA:92,3
DA:93,3
DA:94,3
DA:95,3
DA:96,3
DA:97,3
DA:98,3
DA:99,3
DA:100,3
LF:48
LH:48
BRDA:46,0,0,1
BRF:1
BRH:1
end_of_record
TN:
SF:src/handlers/get-all-cases-handler.ts
FNF:0
FNH:0
DA:6,1
DA:7,1
DA:9,1
LF:3
LH:3
BRF:0
BRH:0
end_of_record
TN:
SF:src/handlers/get-available-endpoints-handler.ts
FNF:0
FNH:0
DA:6,1
DA:7,1
DA:9,1
LF:3
LH:3
BRF:0
BRH:0
end_of_record
TN:
SF:src/handlers/get-case-actions-handler.ts
FNF:0
FNH:0
DA:6,1
DA:7,1
DA:9,1
LF:3
LH:3
BRF:0
BRH:0
end_of_record
TN:
SF:src/handlers/get-case-audit-handler.ts
FNF:0
FNH:0
DA:6,1
DA:7,1
DA:8,1
DA:10,1
LF:4
LH:4
BRF:0
BRH:0
end_of_record
TN:
SF:src/handlers/get-case-detail-handler.ts
FNF:0
FNH:0
DA:6,1
DA:7,1
DA:8,1
DA:10,1
LF:4
LH:4
BRF:0
BRH:0
end_of_record
TN:
SF:src/handlers/get-case-file-audit-handler.ts
FNF:0
FNH:0
DA:6,1
DA:7,1
DA:8,1
DA:10,1
LF:4
LH:4
BRF:0
BRH:0
end_of_record
TN:
SF:src/handlers/get-case-file-detail-handler.ts
FNF:0
FNH:0
DA:6,1
DA:7,1
DA:8,1
DA:10,1
LF:4
LH:4
BRF:0
BRH:0
end_of_record
TN:
SF:src/handlers/get-case-membership-handler.ts
FNF:0
FNH:0
DA:6,1
DA:7,1
DA:8,1
DA:10,1
LF:4
LH:4
BRF:0
BRH:0
end_of_record
TN:
SF:src/handlers/get-login-url-handler.ts
FN:9,(anonymous_0)
FNF:1
FNH:0
FNDA:0,(anonymous_0)
DA:6,1
DA:7,1
DA:9,1
DA:12,1
LF:4
LH:4
BRF:0
BRH:0
end_of_record
TN:
SF:src/handlers/get-logout-url-handler.ts
FN:9,(anonymous_0)
FNF:1
FNH:0
FNDA:0,(anonymous_0)
DA:6,1
DA:7,1
DA:9,1
DA:12,1
LF:4
LH:4
BRF:0
BRH:0
end_of_record
TN:
SF:src/handlers/get-my-cases-handler.ts
FNF:0
FNH:0
DA:6,1
DA:7,1
DA:9,1
LF:3
LH:3
BRF:0
BRH:0
end_of_record
TN:
SF:src/handlers/get-scoped-case-info-handler.ts
FNF:0
FNH:0
DA:6,1
DA:7,1
DA:9,1
LF:3
LH:3
BRF:0
BRH:0
end_of_record
TN:
SF:src/handlers/get-system-audit-handler.ts
FNF:0
FNH:0
DA:6,1
DA:7,1
DA:9,1
LF:3
LH:3
BRF:0
BRH:0
end_of_record
TN:
SF:src/handlers/get-token-handler.ts
FN:9,(anonymous_0)
FNF:1
FNH:0
FNDA:0,(anonymous_0)
DA:6,1
DA:7,1
DA:9,1
DA:12,1
LF:4
LH:4
BRF:0
BRH:0
end_of_record
TN:
SF:src/handlers/get-user-audit-handler.ts
FNF:0
FNH:0
DA:6,1
DA:7,1
DA:9,1
LF:3
LH:3
BRF:0
BRH:0
end_of_record
TN:
SF:src/handlers/get-users-handler.ts
FNF:0
FNH:0
DA:6,1
DA:7,1
DA:9,1
LF:3
LH:3
BRF:0
BRH:0
end_of_record
TN:
SF:src/handlers/initiate-case-file-upload-handler.ts
FNF:0
FNH:0
DA:6,1
DA:7,1
DA:8,1
DA:10,1
LF:4
LH:4
BRF:0
BRH:0
end_of_record
TN:
SF:src/handlers/list-case-files-handler.ts
FNF:0
FNH:0
DA:6,1
DA:7,1
DA:8,1
DA:10,1
LF:4
LH:4
BRF:0
BRH:0
end_of_record
TN:
SF:src/handlers/refresh-token-handler.ts
FN:9,(anonymous_0)
FNF:1
FNH:0
FNDA:0,(anonymous_0)
DA:6,1
DA:7,1
DA:9,1
DA:12,1
LF:4
LH:4
BRF:0
BRH:0
end_of_record
TN:
SF:src/handlers/request-case-audit-handler.ts
FNF:0
FNH:0
DA:6,1
DA:7,1
DA:8,1
DA:10,1
LF:4
LH:4
BRF:0
BRH:0
end_of_record
TN:
SF:src/handlers/request-case-file-audit-handler.ts
FNF:0
FNH:0
DA:6,1
DA:7,1
DA:8,1
DA:10,1
LF:4
LH:4
BRF:0
BRH:0
end_of_record
TN:
SF:src/handlers/request-system-audit-handler.ts
FNF:0
FNH:0
DA:6,1
DA:7,1
DA:9,1
LF:3
LH:3
BRF:0
BRH:0
end_of_record
TN:
SF:src/handlers/request-user-audit-handler.ts
FNF:0
FNH:0
DA:6,1
DA:7,1
DA:9,1
LF:3
LH:3
BRF:0
BRH:0
end_of_record
TN:
SF:src/handlers/restore-case-file-handler.ts
FNF:0
FNH:0
DA:6,1
DA:7,1
DA:8,1
DA:10,1
LF:4
LH:4
BRF:0
BRH:0
end_of_record
TN:
SF:src/handlers/revoke-token-handler.ts
FN:9,(anonymous_0)
FNF:1
FNH:0
FNDA:0,(anonymous_0)
DA:6,1
DA:7,1
DA:9,1
DA:12,1
LF:4
LH:4
BRF:0
BRH:0
end_of_record
TN:
SF:src/handlers/s3-batch-delete-case-file-handler.ts
FNF:0
FNH:0
DA:6,1
DA:8,1
LF:2
LH:2
BRF:0
BRH:0
end_of_record
TN:
SF:src/handlers/s3-batch-job-status-change-handler.ts
FNF:0
FNH:0
DA:6,1
DA:8,1
LF:2
LH:2
BRF:0
BRH:0
end_of_record
TN:
SF:src/handlers/update-case-status-handler.ts
FNF:0
FNH:0
DA:6,1
DA:7,1
DA:8,1
DA:10,1
LF:4
LH:4
BRF:0
BRH:0
end_of_record
TN:
SF:src/handlers/update-case-user-handler.ts
FNF:0
FNH:0
DA:6,1
DA:7,1
DA:8,1
DA:10,1
LF:4
LH:4
BRF:0
BRH:0
end_of_record
TN:
SF:src/handlers/update-cases-handler.ts
FNF:0
FNH:0
DA:6,1
DA:7,1
DA:8,1
DA:10,1
LF:4
LH:4
BRF:0
BRH:0
end_of_record
TN:
SF:src/resources/api-gateway-route-config.ts
FN:24,(anonymous_0)
FNF:1
FNH:1
FNDA:5,(anonymous_0)
DA:24,5
DA:25,5
DA:26,5
DA:27,5
DA:28,5
LF:5
LH:5
BRDA:24,0,0,5
BRDA:24,0,1,5
BRF:2
BRH:2
end_of_record
TN:
SF:src/resources/dea-route-config.ts
FNF:0
FNH:0
DA:6,5
DA:7,5
DA:8,5
DA:10,5
LF:4
LH:4
BRF:0
BRH:0
end_of_record
