TN:
SF:src/apply-bucket-policies.ts
FN:17,(anonymous_0)
FNF:1
FNH:1
FNDA:4,(anonymous_0)
DA:6,1
DA:7,1
DA:17,1
DA:25,4
DA:26,3
DA:40,3
DA:42,3
DA:53,3
DA:64,3
DA:69,3
DA:77,3
DA:88,3
DA:98,3
DA:109,3
DA:120,3
DA:130,3
DA:143,3
DA:154,3
DA:164,3
LF:19
LH:19
BRDA:25,0,0,3
BRF:1
BRH:1
end_of_record
TN:
SF:src/dea-main-stack.ts
FN:46,(anonymous_6)
FN:231,(anonymous_7)
FN:247,(anonymous_8)
FN:254,(anonymous_9)
FN:313,(anonymous_10)
FN:326,(anonymous_11)
FN:357,(anonymous_12)
FN:364,(anonymous_13)
FN:382,(anonymous_14)
FN:457,(anonymous_15)
FNF:10
FNH:10
FNDA:4,(anonymous_6)
FNDA:4,(anonymous_7)
FNDA:9,(anonymous_8)
FNDA:4,(anonymous_9)
FNDA:4,(anonymous_10)
FNDA:4,(anonymous_11)
FNDA:16,(anonymous_12)
FNDA:4,(anonymous_13)
FNDA:20,(anonymous_14)
FNDA:64,(anonymous_15)
DA:7,1
DA:21,1
DA:22,1
DA:23,1
DA:24,1
DA:25,1
DA:33,1
DA:35,1
DA:36,1
DA:40,1
DA:41,1
DA:43,1
DA:47,4
DA:52,4
DA:54,4
DA:57,4
DA:64,4
DA:69,4
DA:72,4
DA:74,4
DA:76,4
DA:82,4
DA:83,4
DA:85,4
DA:91,4
DA:107,4
DA:138,4
DA:141,0
DA:156,0
DA:168,4
DA:176,4
DA:183,4
DA:186,4
DA:190,4
DA:204,4
DA:206,4
DA:211,4
DA:222,4
DA:226,4
DA:228,4
DA:232,4
DA:234,4
DA:239,4
DA:242,4
DA:243,4
DA:244,1
DA:247,4
DA:248,9
DA:249,9
DA:255,4
DA:281,4
DA:288,4
DA:303,4
DA:306,4
DA:314,4
DA:321,4
DA:327,4
DA:329,4
DA:336,4
DA:343,4
DA:350,4
DA:357,4
DA:358,16
DA:359,16
DA:366,4
DA:369,4
DA:372,4
DA:382,4
DA:383,20
DA:394,20
DA:406,4
DA:417,4
DA:427,4
DA:437,4
DA:447,4
DA:457,4
DA:458,64
DA:459,64
LF:78
LH:76
BRDA:138,0,0,0
BRDA:138,0,1,4
BRDA:138,1,0,4
BRDA:138,1,1,4
BRDA:243,2,0,1
BRDA:248,3,0,9
BRDA:358,4,0,16
BRDA:458,5,0,64
BRF:8
BRH:7
end_of_record
TN:
SF:src/nag-suppressions.ts
FN:8,(anonymous_0)
FN:31,(anonymous_1)
FNF:2
FNH:2
FNDA:9,(anonymous_0)
FNDA:16,(anonymous_1)
DA:8,1
DA:9,9
DA:31,1
DA:32,16
LF:4
LH:4
BRF:0
BRH:0
end_of_record
