TN:
SF:src/api/auth.tsx
FN:17,(anonymous_1)
FN:27,(anonymous_2)
FN:37,(anonymous_3)
FN:47,(anonymous_4)
FN:57,(anonymous_5)
FN:61,(anonymous_6)
FN:17,(anonymous_8)
FN:27,(anonymous_9)
FN:37,(anonymous_10)
FN:47,(anonymous_11)
FN:57,(anonymous_12)
FN:61,(anonymous_13)
FNF:12
FNH:12
FNDA:2,(anonymous_1)
FNDA:2,(anonymous_2)
FNDA:2,(anonymous_3)
FNDA:3,(anonymous_4)
FNDA:2,(anonymous_5)
FNDA:88,(anonymous_6)
FNDA:2,(anonymous_8)
FNDA:2,(anonymous_9)
FNDA:2,(anonymous_10)
FNDA:3,(anonymous_11)
FNDA:2,(anonymous_12)
FNDA:88,(anonymous_13)
DA:5,25
DA:6,25
DA:17,25
DA:18,2
DA:19,2
DA:20,1
DA:22,1
DA:23,1
DA:27,25
DA:28,2
DA:29,2
DA:30,2
DA:32,0
DA:33,0
DA:37,25
DA:38,2
DA:39,2
DA:40,1
DA:42,1
DA:43,1
DA:47,25
DA:48,3
DA:49,3
DA:50,2
DA:52,1
DA:53,1
DA:57,25
DA:58,2
DA:61,88
DA:62,88
DA:64,88
LF:31
LH:29
BRDA:64,0,0,88
BRDA:64,0,1,41
BRDA:64,1,0,88
BRDA:64,1,1,15
BRF:4
BRH:4
end_of_record
TN:
SF:src/api/cases.tsx
FN:58,(anonymous_1)
FN:64,(anonymous_2)
FN:70,(anonymous_3)
FN:75,(anonymous_4)
FN:80,(anonymous_5)
FN:85,(anonymous_6)
FN:89,(anonymous_7)
FN:93,(anonymous_8)
FN:99,(anonymous_9)
FN:103,(anonymous_10)
FN:107,(anonymous_11)
FN:111,(anonymous_12)
FN:115,(anonymous_13)
FN:121,(anonymous_14)
FN:125,(anonymous_15)
FN:129,(anonymous_16)
FN:135,(anonymous_17)
FN:139,(anonymous_18)
FN:143,(anonymous_19)
FN:148,(anonymous_20)
FN:164,(anonymous_21)
FN:169,(anonymous_22)
FN:173,(anonymous_23)
FN:189,(anonymous_24)
FN:194,(anonymous_25)
FN:198,(anonymous_26)
FN:202,(anonymous_27)
FN:207,(anonymous_28)
FN:223,(anonymous_29)
FN:228,(anonymous_30)
FN:35,(anonymous_32)
FN:58,(anonymous_33)
FN:59,(anonymous_34)
FN:64,(anonymous_35)
FN:65,(anonymous_36)
FN:70,(anonymous_37)
FN:71,(anonymous_38)
FN:75,(anonymous_39)
FN:76,(anonymous_40)
FN:80,(anonymous_41)
FN:81,(anonymous_42)
FN:85,(anonymous_43)
FN:89,(anonymous_44)
FN:93,(anonymous_45)
FN:94,(anonymous_46)
FN:99,(anonymous_47)
FN:103,(anonymous_48)
FN:107,(anonymous_49)
FN:111,(anonymous_50)
FN:115,(anonymous_51)
FN:116,(anonymous_52)
FN:121,(anonymous_53)
FN:125,(anonymous_54)
FN:129,(anonymous_55)
FN:130,(anonymous_56)
FN:135,(anonymous_57)
FN:139,(anonymous_58)
FN:143,(anonymous_59)
FN:148,(anonymous_60)
FN:164,(anonymous_61)
FN:169,(anonymous_62)
FN:173,(anonymous_63)
FN:189,(anonymous_64)
FN:194,(anonymous_65)
FN:198,delay
FN:199,(anonymous_67)
FN:202,(anonymous_68)
FN:203,(anonymous_69)
FN:207,(anonymous_70)
FN:223,(anonymous_71)
FN:228,(anonymous_72)
FNF:71
FNH:64
FNDA:3,(anonymous_1)
FNDA:7,(anonymous_2)
FNDA:32,(anonymous_3)
FNDA:12,(anonymous_4)
FNDA:5,(anonymous_5)
FNDA:3,(anonymous_6)
FNDA:2,(anonymous_7)
FNDA:35,(anonymous_8)
FNDA:1,(anonymous_9)
FNDA:1,(anonymous_10)
FNDA:2,(anonymous_11)
FNDA:1,(anonymous_12)
FNDA:70,(anonymous_13)
FNDA:1,(anonymous_14)
FNDA:2,(anonymous_15)
FNDA:10,(anonymous_16)
FNDA:1,(anonymous_17)
FNDA:1,(anonymous_18)
FNDA:2,(anonymous_19)
FNDA:2,(anonymous_20)
FNDA:0,(anonymous_21)
FNDA:0,(anonymous_22)
FNDA:2,(anonymous_23)
FNDA:0,(anonymous_24)
FNDA:0,(anonymous_25)
FNDA:0,(anonymous_26)
FNDA:111,(anonymous_27)
FNDA:2,(anonymous_28)
FNDA:0,(anonymous_29)
FNDA:0,(anonymous_30)
FNDA:16,(anonymous_32)
FNDA:5,(anonymous_33)
FNDA:4,(anonymous_34)
FNDA:17,(anonymous_35)
FNDA:16,(anonymous_36)
FNDA:32,(anonymous_37)
FNDA:31,(anonymous_38)
FNDA:12,(anonymous_39)
FNDA:12,(anonymous_40)
FNDA:5,(anonymous_41)
FNDA:5,(anonymous_42)
FNDA:3,(anonymous_43)
FNDA:2,(anonymous_44)
FNDA:35,(anonymous_45)
FNDA:34,(anonymous_46)
FNDA:1,(anonymous_47)
FNDA:1,(anonymous_48)
FNDA:2,(anonymous_49)
FNDA:1,(anonymous_50)
FNDA:70,(anonymous_51)
FNDA:70,(anonymous_52)
FNDA:1,(anonymous_53)
FNDA:2,(anonymous_54)
FNDA:10,(anonymous_55)
FNDA:10,(anonymous_56)
FNDA:1,(anonymous_57)
FNDA:1,(anonymous_58)
FNDA:2,(anonymous_59)
FNDA:2,(anonymous_60)
FNDA:2,(anonymous_61)
FNDA:6,(anonymous_62)
FNDA:2,(anonymous_63)
FNDA:2,(anonymous_64)
FNDA:6,(anonymous_65)
FNDA:12,delay
FNDA:12,(anonymous_67)
FNDA:111,(anonymous_68)
FNDA:111,(anonymous_69)
FNDA:2,(anonymous_70)
FNDA:2,(anonymous_71)
FNDA:6,(anonymous_72)
DA:9,16
DA:10,16
DA:35,16
DA:45,16
DA:58,16
DA:59,5
DA:60,5
DA:61,5
DA:64,16
DA:65,17
DA:66,17
DA:67,17
DA:70,32
DA:71,32
DA:72,32
DA:75,16
DA:76,12
DA:77,12
DA:80,16
DA:81,5
DA:82,5
DA:85,16
DA:86,3
DA:89,16
DA:90,2
DA:93,35
DA:94,35
DA:95,35
DA:96,35
DA:99,16
DA:100,1
DA:103,16
DA:104,1
DA:107,16
DA:108,2
DA:111,16
DA:112,1
DA:115,70
DA:116,70
DA:117,70
DA:118,70
DA:121,16
DA:122,1
DA:125,16
DA:126,2
DA:129,16
DA:130,10
DA:131,10
DA:132,10
DA:135,16
DA:136,1
DA:139,16
DA:140,1
DA:143,16
DA:144,2
DA:145,2
DA:148,16
DA:149,2
DA:150,2
DA:151,2
DA:152,2
DA:153,5
DA:155,1
DA:157,4
DA:158,4
DA:159,4
DA:161,1
DA:164,16
DA:165,2
DA:166,2
DA:169,16
DA:170,6
DA:173,16
DA:174,2
DA:175,2
DA:176,2
DA:177,2
DA:178,5
DA:180,1
DA:182,4
DA:183,4
DA:184,4
DA:186,1
DA:189,16
DA:190,2
DA:191,2
DA:194,16
DA:195,6
DA:198,0
DA:199,12
DA:202,111
DA:203,111
DA:204,111
DA:207,16
DA:208,2
DA:209,2
DA:210,2
DA:211,2
DA:212,5
DA:214,1
DA:216,4
DA:217,4
DA:218,4
DA:220,1
DA:223,16
DA:224,2
DA:225,2
DA:228,16
DA:229,6
LF:109
LH:108
BRDA:35,0,0,16
BRDA:35,0,1,16
BRDA:60,1,0,5
BRDA:60,1,1,2
BRDA:61,2,0,5
BRDA:61,2,1,2
BRDA:66,3,0,17
BRDA:66,3,1,3
BRDA:67,4,0,17
BRDA:67,4,1,3
BRDA:72,5,0,32
BRDA:72,5,1,11
BRDA:77,6,0,12
BRDA:77,6,1,2
BRDA:82,7,0,5
BRDA:82,7,1,1
BRDA:93,8,0,0
BRDA:95,9,0,35
BRDA:95,9,1,11
BRDA:96,10,0,35
BRDA:96,10,1,35
BRDA:117,11,0,70
BRDA:117,11,1,4
BRDA:118,12,0,70
BRDA:118,12,1,4
BRDA:131,13,0,10
BRDA:131,13,1,1
BRDA:132,14,0,10
BRDA:132,14,1,10
BRDA:153,15,0,1
BRDA:153,16,0,5
BRDA:153,16,1,4
BRDA:178,17,0,1
BRDA:178,18,0,5
BRDA:178,18,1,4
BRDA:204,19,0,111
BRDA:204,19,1,10
BRDA:212,20,0,1
BRDA:212,21,0,5
BRDA:212,21,1,4
BRF:40
BRH:39
end_of_record
TN:
SF:src/common/labels.tsx
FN:9,(anonymous_1)
FN:41,(anonymous_2)
FN:62,(anonymous_3)
FN:72,(anonymous_4)
FN:83,(anonymous_5)
FN:106,(anonymous_6)
FN:116,(anonymous_7)
FN:148,(anonymous_8)
FN:155,(anonymous_9)
FN:169,(anonymous_10)
FN:175,(anonymous_11)
FN:211,(anonymous_12)
FN:216,(anonymous_13)
FN:240,(anonymous_14)
FN:296,(anonymous_15)
FN:307,(anonymous_16)
FN:314,(anonymous_17)
FN:322,(anonymous_18)
FN:328,(anonymous_19)
FN:91,(anonymous_20)
FN:95,(anonymous_21)
FN:123,(anonymous_22)
FN:140,(anonymous_23)
FN:142,(anonymous_24)
FN:144,(anonymous_25)
FN:166,(anonymous_26)
FN:171,(anonymous_27)
FN:187,(anonymous_28)
FN:189,(anonymous_29)
FN:197,(anonymous_30)
FN:198,(anonymous_31)
FN:199,(anonymous_32)
FN:201,(anonymous_33)
FN:202,(anonymous_34)
FN:203,(anonymous_35)
FN:204,(anonymous_36)
FN:241,(anonymous_37)
FN:291,(anonymous_38)
FN:292,(anonymous_39)
FN:319,(anonymous_40)
FNF:40
FNH:33
FNDA:984,(anonymous_1)
FNDA:366,(anonymous_2)
FNDA:45,(anonymous_3)
FNDA:3,(anonymous_4)
FNDA:296,(anonymous_5)
FNDA:364,(anonymous_6)
FNDA:210,(anonymous_7)
FNDA:36,(anonymous_8)
FNDA:34,(anonymous_9)
FNDA:43,(anonymous_10)
FNDA:810,(anonymous_11)
FNDA:132,(anonymous_12)
FNDA:163,(anonymous_13)
FNDA:55,(anonymous_14)
FNDA:114,(anonymous_15)
FNDA:39,(anonymous_16)
FNDA:57,(anonymous_17)
FNDA:30,(anonymous_18)
FNDA:0,(anonymous_19)
FNDA:6,(anonymous_20)
FNDA:6,(anonymous_21)
FNDA:22,(anonymous_22)
FNDA:0,(anonymous_23)
FNDA:0,(anonymous_24)
FNDA:0,(anonymous_25)
FNDA:1,(anonymous_26)
FNDA:43,(anonymous_27)
FNDA:42,(anonymous_28)
FNDA:70,(anonymous_29)
FNDA:1,(anonymous_30)
FNDA:0,(anonymous_31)
FNDA:1,(anonymous_32)
FNDA:1,(anonymous_33)
FNDA:1,(anonymous_34)
FNDA:0,(anonymous_35)
FNDA:27,(anonymous_36)
FNDA:279,(anonymous_37)
FNDA:28,(anonymous_38)
FNDA:252,(anonymous_39)
FNDA:0,(anonymous_40)
DA:6,23
DA:9,984
DA:41,366
DA:62,45
DA:72,23
DA:83,296
DA:91,6
DA:95,6
DA:106,364
DA:116,210
DA:124,22
DA:141,0
DA:143,0
DA:144,0
DA:148,36
DA:155,34
DA:166,1
DA:169,43
DA:171,43
DA:175,810
DA:187,42
DA:190,70
DA:197,1
DA:198,0
DA:200,1
DA:201,1
DA:202,1
DA:203,0
DA:204,27
DA:211,132
DA:216,163
DA:240,55
DA:242,279
DA:244,28
DA:249,28
DA:254,28
DA:259,28
DA:264,28
DA:269,28
DA:274,38
DA:279,28
DA:285,45
DA:292,252
DA:296,114
DA:307,39
DA:314,57
DA:319,0
DA:322,30
DA:328,0
DA:329,23
LF:50
LH:43
BRDA:190,0,0,18
BRDA:190,0,1,52
BRDA:242,1,0,28
BRDA:242,1,1,28
BRDA:242,1,2,28
BRDA:242,1,3,28
BRDA:242,1,4,28
BRDA:242,1,5,28
BRDA:242,1,6,38
BRDA:242,1,7,28
BRDA:242,1,8,45
BRF:11
BRH:11
end_of_record
TN:
SF:src/common/utility.ts
FN:7,(anonymous_1)
FN:11,(anonymous_2)
FN:7,strToBool
FNF:3
FNH:2
FNDA:0,(anonymous_1)
FNDA:87,(anonymous_2)
FNDA:25,strToBool
DA:7,0
DA:8,25
DA:11,87
LF:3
LH:2
BRF:0
BRH:0
end_of_record
TN:
SF:src/components/BaseLayout.tsx
FN:23,(anonymous_0)
FN:50,(anonymous_6)
FNF:2
FNH:1
FNDA:90,(anonymous_0)
FNDA:0,(anonymous_6)
DA:7,17
DA:8,17
DA:9,17
DA:10,17
DA:11,17
DA:12,17
DA:13,17
DA:14,17
DA:23,45
DA:29,45
DA:30,45
DA:32,45
DA:33,45
DA:52,0
LF:14
LH:13
BRDA:27,0,0,45
BRF:1
BRH:1
end_of_record
TN:
SF:src/components/Header.tsx
FN:13,(anonymous_0)
FN:34,(anonymous_6)
FNF:2
FNH:2
FNDA:2,(anonymous_0)
FNDA:1,(anonymous_6)
DA:6,1
DA:7,1
DA:8,1
DA:9,1
DA:10,1
DA:11,1
DA:13,1
DA:14,1
DA:15,1
DA:17,1
DA:18,1
DA:19,1
DA:34,1
LF:13
LH:13
BRDA:18,0,0,0
BRDA:18,0,1,1
BRDA:27,1,0,0
BRDA:27,1,1,1
BRF:4
BRH:2
end_of_record
TN:
SF:src/components/Navigation.tsx
FN:25,(anonymous_0)
FN:46,(anonymous_3)
FN:86,(anonymous_4)
FNF:3
FNH:3
FNDA:75,(anonymous_0)
FNDA:2,(anonymous_3)
FNDA:2,(anonymous_4)
DA:6,18
DA:7,18
DA:8,18
DA:9,18
DA:10,18
DA:11,18
DA:12,18
DA:13,18
DA:21,18
DA:22,18
DA:23,18
DA:25,47
DA:26,28
DA:28,28
DA:29,28
DA:30,28
DA:32,28
DA:33,28
DA:34,5
DA:37,23
DA:38,23
DA:39,2
DA:42,23
DA:43,2
DA:46,23
DA:47,2
DA:48,2
DA:49,2
DA:50,1
DA:51,1
DA:52,1
DA:53,1
DA:54,1
DA:55,1
DA:57,1
DA:59,2
DA:63,23
DA:73,23
DA:74,8
DA:82,23
DA:87,2
DA:88,2
DA:89,2
DA:90,2
DA:91,0
DA:93,2
DA:95,2
DA:96,2
LF:48
LH:47
BRDA:33,0,0,5
BRDA:38,1,0,2
BRDA:42,2,0,2
BRDA:73,3,0,8
BRDA:78,4,0,2
BRDA:78,4,1,6
BRDA:87,5,0,2
BRDA:89,6,0,2
BRDA:90,7,0,0
BRF:9
BRH:8
end_of_record
TN:
SF:src/components/case-details/CaseDetailsBody.tsx
FN:149,(anonymous_0)
FN:31,CaseDetailsBody
FN:38,getStatusIcon
FN:46,editCaseHandler
FN:74,(anonymous_5)
FN:139,(anonymous_6)
FNF:6
FNH:5
FNDA:11,(anonymous_0)
FNDA:29,CaseDetailsBody
FNDA:17,getStatusIcon
FNDA:0,editCaseHandler
FNDA:2,(anonymous_5)
FNDA:2,(anonymous_6)
DA:6,6
DA:17,6
DA:18,6
DA:19,6
DA:20,6
DA:22,6
DA:23,6
DA:24,6
DA:25,6
DA:32,29
DA:33,29
DA:34,29
DA:35,29
DA:36,29
DA:39,17
DA:40,16
DA:42,1
DA:47,0
DA:50,29
DA:51,11
DA:53,18
DA:54,1
DA:56,17
DA:75,2
DA:76,2
DA:77,2
DA:79,1
DA:81,2
DA:139,6
DA:140,2
DA:141,1
DA:142,1
DA:143,1
DA:144,1
DA:145,1
DA:146,1
DA:149,11
LF:37
LH:36
BRDA:39,0,0,16
BRDA:39,0,1,1
BRDA:50,1,0,11
BRDA:50,1,1,18
BRDA:53,2,0,1
BRDA:73,3,0,17
BRDA:73,3,1,15
BRDA:86,4,0,2
BRDA:86,4,1,15
BRDA:117,5,0,17
BRDA:117,5,1,17
BRF:11
BRH:11
end_of_record
TN:
SF:src/components/case-details/CaseDetailsTabs.tsx
FN:59,(anonymous_0)
FN:21,CaseDetailsTabs
FN:25,(anonymous_3)
FNF:3
FNH:3
FNDA:17,(anonymous_0)
FNDA:26,CaseDetailsTabs
FNDA:9,(anonymous_3)
DA:7,6
DA:8,6
DA:9,6
DA:10,6
DA:11,6
DA:12,6
DA:13,6
DA:22,26
DA:23,26
DA:24,26
DA:26,9
DA:28,0
DA:30,9
DA:31,9
DA:32,9
DA:44,9
DA:45,9
DA:51,9
DA:56,26
DA:59,17
LF:20
LH:19
BRDA:26,0,0,0
BRDA:31,1,0,9
BRDA:44,2,0,9
BRF:3
BRH:2
end_of_record
TN:
SF:src/components/case-details/CaseFilesTable.tsx
FN:374,(anonymous_0)
FN:42,CaseFilesTable
FN:71,(anonymous_5)
FN:99,(anonymous_6)
FN:106,(anonymous_7)
FN:112,(anonymous_8)
FN:114,(anonymous_9)
FN:127,(anonymous_10)
FN:137,restoreFiles
FN:154,cancelRestore
FN:158,tableActions
FN:206,(anonymous_14)
FN:208,(anonymous_15)
FN:244,uploadFilesHandler
FN:248,downloadFilesHandler
FN:249,(anonymous_18)
FN:249,(anonymous_19)
FN:285,getStatus
FN:302,(anonymous_21)
FN:306,(anonymous_22)
FN:319,(anonymous_23)
FN:327,(anonymous_24)
FN:335,(anonymous_25)
FN:343,(anonymous_26)
FN:351,(anonymous_27)
FNF:25
FNH:24
FNDA:9,(anonymous_0)
FNDA:34,CaseFilesTable
FNDA:45,(anonymous_5)
FNDA:47,(anonymous_6)
FNDA:65,(anonymous_7)
FNDA:1,(anonymous_8)
FNDA:1,(anonymous_9)
FNDA:1,(anonymous_10)
FNDA:1,restoreFiles
FNDA:0,cancelRestore
FNDA:23,tableActions
FNDA:1,(anonymous_14)
FNDA:1,(anonymous_15)
FNDA:1,uploadFilesHandler
FNDA:2,downloadFilesHandler
FNDA:1,(anonymous_18)
FNDA:1,(anonymous_19)
FNDA:65,getStatus
FNDA:2,(anonymous_21)
FNDA:125,(anonymous_22)
FNDA:65,(anonymous_23)
FNDA:65,(anonymous_24)
FNDA:65,(anonymous_25)
FNDA:65,(anonymous_26)
FNDA:65,(anonymous_27)
DA:7,6
DA:8,6
DA:9,6
DA:21,6
DA:22,6
DA:23,6
DA:24,6
DA:25,6
DA:33,6
DA:34,6
DA:35,6
DA:36,6
DA:37,6
DA:38,6
DA:39,6
DA:43,34
DA:44,34
DA:45,34
DA:47,34
DA:51,34
DA:52,34
DA:53,34
DA:55,34
DA:56,34
DA:58,34
DA:67,34
DA:72,45
DA:73,45
DA:75,45
DA:91,34
DA:92,11
DA:95,23
DA:96,23
DA:98,23
DA:99,23
DA:100,47
DA:101,1
DA:102,1
DA:106,23
DA:107,65
DA:113,1
DA:114,1
DA:128,1
DA:129,1
DA:138,1
DA:139,1
DA:140,1
DA:141,1
DA:143,1
DA:144,1
DA:145,1
DA:147,0
DA:148,0
DA:150,1
DA:155,0
DA:159,23
DA:160,22
DA:201,23
DA:207,1
DA:208,1
DA:222,23
DA:242,23
DA:245,1
DA:249,2
DA:250,2
DA:251,2
DA:252,2
DA:253,2
DA:254,2
DA:255,2
DA:256,1
DA:257,0
DA:258,1
DA:259,1
DA:260,1
DA:262,0
DA:265,1
DA:267,1
DA:268,1
DA:269,1
DA:270,1
DA:273,1
DA:275,0
DA:276,0
DA:280,2
DA:281,2
DA:286,65
DA:287,53
DA:289,12
DA:293,23
DA:303,2
DA:306,125
DA:319,65
DA:327,65
DA:335,65
DA:343,65
DA:351,65
DA:374,9
LF:98
LH:91
BRDA:91,0,0,11
BRDA:100,1,0,1
BRDA:107,2,0,21
BRDA:107,2,1,44
BRDA:159,3,0,22
BRDA:165,4,0,22
BRDA:165,4,1,7
BRDA:178,5,0,22
BRDA:178,5,1,22
BRDA:187,6,0,22
BRDA:187,6,1,20
BRDA:188,7,0,20
BRDA:188,7,1,20
BRDA:192,8,0,2
BRDA:192,8,1,20
BRDA:222,9,0,22
BRDA:222,9,1,1
BRDA:255,10,0,1
BRDA:256,11,0,0
BRDA:256,11,1,1
BRDA:258,12,0,1
BRDA:259,13,0,1
BRDA:259,13,1,0
BRDA:286,14,0,53
BRDA:286,14,1,12
BRDA:298,15,0,22
BRDA:298,15,1,1
BRDA:298,16,0,23
BRDA:298,16,1,22
BRDA:306,17,0,125
BRDA:306,17,1,101
BRF:31
BRH:29
end_of_record
TN:
SF:src/components/case-details/ManageAccessForm.tsx
FN:111,(anonymous_0)
FN:22,ManageAccessForm
FN:28,addCaseMemberHandler
FN:44,removeCaseMemberHandler
FN:56,updateCaseMemberHandler
FN:57,(anonymous_6)
FN:65,saveHandler
FN:101,(anonymous_8)
FN:102,(anonymous_9)
FNF:9
FNH:8
FNDA:9,(anonymous_0)
FNDA:10,ManageAccessForm
FNDA:1,addCaseMemberHandler
FNDA:1,removeCaseMemberHandler
FNDA:1,updateCaseMemberHandler
FNDA:0,(anonymous_6)
FNDA:1,saveHandler
FNDA:1,(anonymous_8)
FNDA:1,(anonymous_9)
DA:6,6
DA:9,6
DA:10,6
DA:11,6
DA:12,6
DA:13,6
DA:14,6
DA:15,6
DA:23,10
DA:24,10
DA:25,10
DA:26,10
DA:29,1
DA:30,1
DA:31,1
DA:36,1
DA:38,0
DA:40,1
DA:45,1
DA:46,1
DA:47,1
DA:48,1
DA:50,0
DA:52,1
DA:57,1
DA:58,1
DA:66,1
DA:67,1
DA:68,1
DA:69,1
DA:75,1
DA:76,1
DA:78,0
DA:80,1
DA:81,1
DA:85,10
DA:101,1
DA:102,1
DA:111,9
LF:39
LH:36
BRDA:59,0,0,1
BRDA:59,0,1,0
BRDA:89,1,0,10
BRDA:89,1,1,2
BRF:4
BRH:3
end_of_record
TN:
SF:src/components/case-details/ManageAccessList.tsx
FN:39,(anonymous_0)
FN:18,ManageAccessList
FN:25,(anonymous_3)
FN:29,(anonymous_4)
FN:30,(anonymous_5)
FNF:5
FNH:5
FNDA:10,(anonymous_0)
FNDA:10,ManageAccessList
FNDA:18,(anonymous_3)
FNDA:1,(anonymous_4)
FNDA:1,(anonymous_5)
DA:7,6
DA:8,6
DA:19,10
DA:21,10
DA:26,18
DA:29,1
DA:30,1
DA:39,10
LF:8
LH:8
BRF:0
BRH:0
end_of_record
TN:
SF:src/components/case-details/ManageAccessListItem.tsx
FN:118,(anonymous_0)
FN:35,ManageAccessListItem
FN:38,(anonymous_3)
FN:43,(anonymous_4)
FN:48,onPermissionsChangeHandler
FN:54,(anonymous_6)
FN:59,removeCaseMemberHandler
FN:81,(anonymous_8)
FN:103,(anonymous_9)
FN:107,(anonymous_10)
FNF:10
FNH:9
FNDA:18,(anonymous_0)
FNDA:27,ManageAccessListItem
FNDA:27,(anonymous_3)
FNDA:4,(anonymous_4)
FNDA:1,onPermissionsChangeHandler
FNDA:0,(anonymous_6)
FNDA:1,removeCaseMemberHandler
FNDA:15,(anonymous_8)
FNDA:1,(anonymous_9)
FNDA:2,(anonymous_10)
DA:17,6
DA:18,6
DA:24,6
DA:25,6
DA:26,6
DA:36,27
DA:37,27
DA:38,27
DA:40,27
DA:41,27
DA:42,27
DA:43,27
DA:44,4
DA:45,4
DA:51,1
DA:53,1
DA:54,0
DA:56,1
DA:60,1
DA:61,1
DA:62,1
DA:63,1
DA:65,1
DA:69,27
DA:81,15
DA:103,1
DA:107,2
DA:118,18
LF:28
LH:27
BRDA:45,0,0,4
BRDA:45,0,1,3
BRF:2
BRH:2
end_of_record
TN:
SF:src/components/case-details/ManageAccessSearchUserForm.tsx
FN:100,(anonymous_0)
FN:25,ManageAccessSearchUserForm
FN:32,handleLoadItems
FN:42,onSubmitHandler
FN:43,(anonymous_4)
FN:76,(anonymous_5)
FN:85,(anonymous_6)
FN:87,(anonymous_7)
FN:89,(anonymous_8)
FNF:9
FNH:9
FNDA:15,(anonymous_0)
FNDA:70,ManageAccessSearchUserForm
FNDA:6,handleLoadItems
FNDA:3,onSubmitHandler
FNDA:6,(anonymous_4)
FNDA:42,(anonymous_5)
FNDA:132,(anonymous_6)
FNDA:45,(anonymous_7)
FNDA:3,(anonymous_8)
DA:16,7
DA:17,7
DA:18,7
DA:19,7
DA:26,70
DA:27,70
DA:28,70
DA:29,70
DA:30,70
DA:35,6
DA:37,0
DA:39,6
DA:43,6
DA:44,3
DA:45,3
DA:46,3
DA:50,70
DA:76,42
DA:85,132
DA:87,45
DA:89,3
DA:100,15
LF:22
LH:21
BRDA:35,0,0,0
BRDA:44,1,0,3
BRDA:84,2,0,4
BRDA:84,2,1,66
BRDA:91,3,0,70
BRDA:91,3,1,21
BRF:6
BRH:5
end_of_record
TN:
SF:src/components/case-list-table/CaseTable.tsx
FN:370,(anonymous_0)
FN:53,CaseTable
FN:71,(anonymous_6)
FN:77,(anonymous_7)
FN:79,(anonymous_8)
FN:97,createNewCaseHandler
FN:101,canActivateCase
FN:105,activateCaseHandler
FN:127,canDeactivateCase
FN:134,deactivateCaseHandler
FN:157,enableDeactivateCaseModal
FN:161,disableDeactivateCaseModal
FN:165,enableActivateCaseModal
FN:169,disableActivateCaseModal
FN:173,noUserCaseStatusUpdatePermission
FN:180,statusCell
FN:188,deactivateCaseModal
FN:215,(anonymous_21)
FN:223,nameCell
FN:227,(anonymous_23)
FN:241,(anonymous_24)
FN:322,(anonymous_25)
FN:330,(anonymous_26)
FN:338,(anonymous_27)
FN:368,(anonymous_28)
FNF:25
FNH:24
FNDA:8,(anonymous_0)
FNDA:20,CaseTable
FNDA:30,(anonymous_6)
FNDA:90,(anonymous_7)
FNDA:30,(anonymous_8)
FNDA:1,createNewCaseHandler
FNDA:15,canActivateCase
FNDA:1,activateCaseHandler
FNDA:15,canDeactivateCase
FNDA:1,deactivateCaseHandler
FNDA:1,enableDeactivateCaseModal
FNDA:1,disableDeactivateCaseModal
FNDA:1,enableActivateCaseModal
FNDA:1,disableActivateCaseModal
FNDA:82,noUserCaseStatusUpdatePermission
FNDA:40,statusCell
FNDA:20,deactivateCaseModal
FNDA:0,(anonymous_21)
FNDA:40,nameCell
FNDA:2,(anonymous_23)
FNDA:2,(anonymous_24)
FNDA:40,(anonymous_25)
FNDA:40,(anonymous_26)
FNDA:40,(anonymous_27)
FNDA:20,(anonymous_28)
DA:6,2
DA:7,2
DA:8,2
DA:9,2
DA:19,2
DA:20,2
DA:21,2
DA:22,2
DA:23,2
DA:24,2
DA:25,2
DA:33,2
DA:34,2
DA:35,2
DA:36,2
DA:37,2
DA:38,2
DA:39,2
DA:40,2
DA:41,2
DA:42,2
DA:54,20
DA:55,20
DA:56,20
DA:57,20
DA:58,20
DA:59,20
DA:60,20
DA:61,20
DA:64,20
DA:72,30
DA:74,30
DA:77,90
DA:80,30
DA:98,1
DA:102,15
DA:106,1
DA:107,0
DA:109,1
DA:110,1
DA:111,1
DA:117,1
DA:118,1
DA:119,1
DA:121,0
DA:124,1
DA:128,15
DA:135,1
DA:136,0
DA:138,1
DA:139,1
DA:140,1
DA:146,1
DA:147,1
DA:148,1
DA:149,1
DA:151,0
DA:154,1
DA:158,1
DA:162,1
DA:166,1
DA:170,1
DA:174,82
DA:175,12
DA:177,70
DA:181,40
DA:182,23
DA:184,17
DA:189,20
DA:215,0
DA:224,40
DA:228,2
DA:229,2
DA:237,20
DA:241,2
DA:322,40
DA:330,40
DA:338,40
DA:368,2
DA:369,20
DA:370,8
LF:81
LH:76
BRDA:80,0,0,30
BRDA:80,0,1,30
BRDA:102,1,0,15
BRDA:102,1,1,6
BRDA:106,2,0,0
BRDA:129,3,0,15
BRDA:129,3,1,6
BRDA:129,3,2,3
BRDA:135,4,0,0
BRDA:174,5,0,12
BRDA:181,6,0,23
BRDA:181,6,1,17
BRDA:193,7,0,20
BRDA:193,7,1,1
BRDA:208,8,0,14
BRDA:208,8,1,6
BRDA:214,9,0,20
BRDA:214,9,1,0
BRDA:261,10,0,20
BRDA:261,10,1,15
BRDA:273,11,0,20
BRDA:273,11,1,1
BRDA:275,12,0,14
BRDA:275,12,1,6
BRDA:285,13,0,20
BRDA:285,13,1,15
BRDA:295,14,0,20
BRDA:295,14,1,16
BRDA:369,15,0,0
BRDA:369,15,1,20
BRF:30
BRH:26
end_of_record
TN:
SF:src/components/case-list-table/caseListDefinitions.tsx
FN:9,(anonymous_1)
FN:24,(anonymous_2)
FN:26,(anonymous_3)
FNF:3
FNH:3
FNDA:20,(anonymous_1)
FNDA:30,(anonymous_2)
FNDA:20,(anonymous_3)
DA:9,20
DA:24,30
DA:26,20
LF:3
LH:3
BRF:0
BRH:0
end_of_record
TN:
SF:src/components/common-components/CommonComponents.tsx
FN:21,(anonymous_1)
FN:42,(anonymous_2)
FN:21,TableEmptyDisplay
FN:42,TableNoMatchDisplay
FNF:4
FNH:4
FNDA:128,(anonymous_1)
FNDA:108,(anonymous_2)
FNDA:128,TableEmptyDisplay
FNDA:108,TableNoMatchDisplay
DA:6,8
DA:7,8
DA:21,128
DA:22,128
DA:42,108
DA:43,108
LF:6
LH:6
BRF:0
BRH:0
end_of_record
TN:
SF:src/components/common-components/ConfirmModal.tsx
FN:23,(anonymous_0)
FNF:1
FNH:1
FNDA:134,(anonymous_0)
DA:6,8
DA:7,8
DA:8,8
DA:9,8
DA:10,8
DA:23,69
DA:25,65
DA:26,65
LF:8
LH:8
BRDA:36,0,0,65
BRDA:36,0,1,23
BRF:2
BRH:2
end_of_record
TN:
SF:src/components/common-components/FileUpload.tsx
FN:183,(anonymous_0)
FN:23,FileUpload
FN:29,(anonymous_3)
FN:36,(anonymous_4)
FN:39,(anonymous_5)
FN:45,(anonymous_6)
FN:46,(anonymous_7)
FN:50,(anonymous_8)
FN:57,(anonymous_9)
FN:64,(anonymous_10)
FN:71,(anonymous_11)
FN:72,(anonymous_12)
FN:74,(anonymous_13)
FN:81,(anonymous_14)
FN:92,(anonymous_15)
FN:96,(anonymous_16)
FN:107,(anonymous_17)
FN:110,(anonymous_18)
FN:139,(anonymous_19)
FN:158,(anonymous_20)
FN:170,(anonymous_21)
FN:171,(anonymous_22)
FNF:22
FNH:21
FNDA:16,(anonymous_0)
FNDA:19,FileUpload
FNDA:7,(anonymous_3)
FNDA:3,(anonymous_4)
FNDA:3,(anonymous_5)
FNDA:1,(anonymous_6)
FNDA:1,(anonymous_7)
FNDA:1,(anonymous_8)
FNDA:1,(anonymous_9)
FNDA:1,(anonymous_10)
FNDA:2,(anonymous_11)
FNDA:2,(anonymous_12)
FNDA:1,(anonymous_13)
FNDA:1,(anonymous_14)
FNDA:1,(anonymous_15)
FNDA:1,(anonymous_16)
FNDA:1,(anonymous_17)
FNDA:0,(anonymous_18)
FNDA:1,(anonymous_19)
FNDA:1,(anonymous_20)
FNDA:1,(anonymous_21)
FNDA:13,(anonymous_22)
DA:6,2
DA:7,2
DA:8,2
DA:14,2
DA:15,2
DA:24,19
DA:25,19
DA:26,19
DA:27,19
DA:29,19
DA:30,7
DA:31,7
DA:32,7
DA:36,19
DA:37,3
DA:40,3
DA:45,19
DA:46,1
DA:47,1
DA:50,19
DA:51,1
DA:52,1
DA:53,1
DA:54,1
DA:57,19
DA:58,1
DA:59,1
DA:60,1
DA:61,1
DA:64,19
DA:65,1
DA:66,1
DA:67,1
DA:68,1
DA:71,19
DA:72,2
DA:73,2
DA:74,1
DA:75,1
DA:76,1
DA:77,1
DA:79,1
DA:80,1
DA:81,1
DA:82,1
DA:83,1
DA:84,1
DA:86,1
DA:92,19
DA:95,1
DA:96,1
DA:97,1
DA:98,1
DA:99,1
DA:100,1
DA:101,0
DA:103,1
DA:106,1
DA:108,1
DA:110,0
DA:114,19
DA:139,1
DA:158,1
DA:170,1
DA:171,13
DA:183,16
LF:66
LH:64
BRDA:30,0,0,7
BRDA:38,1,0,3
BRDA:38,1,1,0
BRDA:53,2,0,1
BRDA:60,3,0,1
BRDA:73,4,0,1
BRDA:73,4,1,1
BRDA:79,5,0,1
BRDA:100,6,0,0
BRDA:100,6,1,1
BRDA:121,7,0,1
BRDA:121,7,1,18
BRF:12
BRH:10
end_of_record
TN:
SF:src/components/common-components/Notifications.tsx
FN:10,(anonymous_0)
FN:14,(anonymous_2)
FN:20,(anonymous_3)
FNF:3
FNH:3
FNDA:96,(anonymous_0)
FNDA:10,(anonymous_2)
FNDA:1,(anonymous_3)
DA:6,17
DA:7,17
DA:8,17
DA:10,45
DA:11,51
DA:12,49
DA:14,10
DA:20,1
LF:8
LH:8
BRF:0
BRH:0
end_of_record
TN:
SF:src/components/common-components/TableHeader.tsx
FN:19,(anonymous_1)
FN:42,(anonymous_2)
FN:19,(anonymous_3)
FN:32,getCounter
FN:42,(anonymous_5)
FNF:5
FNH:4
FNDA:24,(anonymous_1)
FNDA:0,(anonymous_2)
FNDA:24,(anonymous_3)
FNDA:24,getCounter
FNDA:22,(anonymous_5)
DA:6,3
DA:19,24
DA:20,24
DA:33,24
DA:34,1
DA:36,23
DA:37,1
DA:39,22
DA:42,3
DA:43,22
DA:44,1
DA:47,21
LF:12
LH:12
BRDA:33,0,0,1
BRDA:36,1,0,1
BRDA:42,2,0,21
BRDA:43,3,0,1
BRDA:43,4,0,22
BRDA:43,4,1,22
BRF:6
BRH:6
end_of_record
TN:
SF:src/components/common-components/commonDefinitions.tsx
FN:8,(anonymous_0)
FN:35,(anonymous_1)
FN:36,(anonymous_2)
FNF:3
FNH:2
FNDA:22,(anonymous_0)
FNDA:1,(anonymous_1)
FNDA:0,(anonymous_2)
DA:8,22
DA:35,1
DA:36,0
LF:3
LH:2
BRF:0
BRH:0
end_of_record
TN:
SF:src/components/create-case/CreateCaseBody.tsx
FN:28,(anonymous_0)
FN:11,CreateCasePage
FNF:2
FNH:2
FNDA:4,(anonymous_0)
FNDA:4,CreateCasePage
DA:6,1
DA:7,1
DA:8,1
DA:9,1
DA:12,4
DA:28,4
LF:6
LH:6
BRF:0
BRH:0
end_of_record
TN:
SF:src/components/create-case/CreateCasesForm.tsx
FN:117,(anonymous_0)
FN:24,CreateCasesForm
FN:30,onSubmitHandler
FN:44,onCancelHandler
FN:84,(anonymous_4)
FN:105,(anonymous_5)
FNF:6
FNH:6
FNDA:4,(anonymous_0)
FNDA:13,CreateCasesForm
FNDA:2,onSubmitHandler
FNDA:1,onCancelHandler
FNDA:3,(anonymous_4)
FNDA:2,(anonymous_5)
DA:16,1
DA:17,1
DA:18,1
DA:19,1
DA:20,1
DA:21,1
DA:25,13
DA:26,13
DA:27,13
DA:28,13
DA:31,2
DA:32,2
DA:33,2
DA:34,1
DA:36,1
DA:37,1
DA:40,2
DA:45,1
DA:48,13
DA:85,3
DA:106,2
DA:117,4
LF:22
LH:22
BRDA:36,0,0,1
BRDA:68,1,0,13
BRDA:68,1,1,11
BRDA:83,2,0,13
BRDA:83,2,1,4
BRDA:104,3,0,13
BRDA:104,3,1,9
BRDA:106,4,0,0
BRDA:106,4,1,2
BRF:9
BRH:8
end_of_record
TN:
SF:src/components/edit-case/EditCaseBody.tsx
FN:40,(anonymous_0)
FN:15,EditCasePage
FNF:2
FNH:2
FNDA:6,(anonymous_0)
FNDA:7,EditCasePage
DA:6,2
DA:7,2
DA:8,2
DA:9,2
DA:16,7
DA:18,7
DA:19,2
DA:21,5
DA:22,1
DA:24,4
DA:40,6
LF:11
LH:11
BRDA:18,0,0,2
BRDA:21,1,0,1
BRF:2
BRH:2
end_of_record
TN:
SF:src/components/edit-case/EditCasesForm.tsx
FN:117,(anonymous_0)
FN:29,EditCasesForm
FN:36,onSubmitHandler
FN:50,onCancelHandler
FN:84,(anonymous_4)
FN:105,(anonymous_5)
FNF:6
FNH:6
FNDA:4,(anonymous_0)
FNDA:12,EditCasesForm
FNDA:2,onSubmitHandler
FNDA:1,onCancelHandler
FNDA:2,(anonymous_4)
FNDA:2,(anonymous_5)
DA:16,2
DA:17,2
DA:18,2
DA:19,2
DA:21,2
DA:22,2
DA:30,12
DA:31,12
DA:32,12
DA:33,12
DA:34,12
DA:35,12
DA:37,2
DA:38,2
DA:39,2
DA:40,1
DA:42,1
DA:43,1
DA:46,2
DA:51,1
DA:54,12
DA:85,2
DA:106,2
DA:117,4
LF:24
LH:24
BRDA:42,0,0,1
BRDA:68,1,0,12
BRDA:68,1,1,10
BRDA:104,2,0,12
BRDA:104,2,1,5
BRDA:106,3,0,0
BRDA:106,3,1,2
BRF:7
BRH:6
end_of_record
TN:
SF:src/components/file-details/FileDetailsBody.tsx
FN:151,(anonymous_0)
FN:36,FileDetailsBody
FN:42,getStatusIcon
FN:50,downloadCaseFileAuditHandler
FNF:4
FNH:4
FNDA:6,(anonymous_0)
FNDA:14,FileDetailsBody
FNDA:10,getStatusIcon
FNDA:2,downloadCaseFileAuditHandler
DA:6,3
DA:17,3
DA:18,3
DA:19,3
DA:26,3
DA:27,3
DA:28,3
DA:29,3
DA:37,14
DA:38,14
DA:39,14
DA:40,14
DA:43,10
DA:44,10
DA:46,0
DA:51,2
DA:52,2
DA:53,2
DA:54,2
DA:55,1
DA:56,1
DA:57,1
DA:58,1
DA:59,1
DA:60,1
DA:62,1
DA:63,1
DA:66,2
DA:70,14
DA:71,3
DA:73,11
DA:74,1
DA:76,10
DA:151,6
LF:34
LH:33
BRDA:43,0,0,10
BRDA:43,0,1,0
BRDA:62,1,0,1
BRDA:62,1,1,0
BRDA:63,2,0,1
BRDA:63,2,1,0
BRDA:70,3,0,3
BRDA:70,3,1,11
BRDA:73,4,0,1
BRDA:93,5,0,10
BRDA:93,5,1,8
BRDA:96,6,0,2
BRDA:96,6,1,8
BRDA:102,7,0,2
BRDA:102,7,1,8
BRDA:113,8,0,10
BRDA:113,8,1,0
BRF:17
BRH:13
end_of_record
TN:
SF:src/components/upload-files/UploadFilesBody.tsx
FN:31,(anonymous_0)
FN:16,UploadFilePage
FNF:2
FNH:2
FNDA:3,(anonymous_0)
FNDA:4,UploadFilePage
DA:6,1
DA:7,1
DA:8,1
DA:9,1
DA:17,4
DA:31,3
LF:6
LH:6
BRF:0
BRH:0
end_of_record
TN:
SF:src/components/upload-files/UploadFilesForm.tsx
FN:50,(anonymous_1)
FN:381,(anonymous_2)
FN:39,(anonymous_4)
FN:54,UploadFilesForm
FN:64,onSubmitHandler
FN:71,(anonymous_7)
FN:82,(anonymous_8)
FN:92,uploadFilePartsAndComplete
FN:134,uploadFile
FN:163,updateFileProgress
FN:164,(anonymous_12)
FN:167,(anonymous_13)
FN:179,readFileSlice
FN:180,(anonymous_15)
FN:182,(anonymous_16)
FN:192,statusCell
FN:237,onDoneHandler
FN:242,validateFields
FN:250,(anonymous_20)
FN:256,(anonymous_21)
FN:262,(anonymous_22)
FN:295,(anonymous_23)
FN:308,(anonymous_24)
FN:314,(anonymous_25)
FN:330,(anonymous_26)
FN:351,(anonymous_27)
FN:359,(anonymous_28)
FNF:27
FNH:24
FNDA:0,(anonymous_1)
FNDA:4,(anonymous_2)
FNDA:1,(anonymous_4)
FNDA:13,UploadFilesForm
FNDA:1,onSubmitHandler
FNDA:1,(anonymous_7)
FNDA:1,(anonymous_8)
FNDA:1,uploadFilePartsAndComplete
FNDA:1,uploadFile
FNDA:1,updateFileProgress
FNDA:1,(anonymous_12)
FNDA:1,(anonymous_13)
FNDA:2,readFileSlice
FNDA:2,(anonymous_15)
FNDA:2,(anonymous_16)
FNDA:4,statusCell
FNDA:1,onDoneHandler
FNDA:9,validateFields
FNDA:0,(anonymous_20)
FNDA:0,(anonymous_21)
FNDA:1,(anonymous_22)
FNDA:1,(anonymous_23)
FNDA:1,(anonymous_24)
FNDA:1,(anonymous_25)
FNDA:1,(anonymous_26)
FNDA:4,(anonymous_27)
FNDA:4,(anonymous_28)
DA:22,1
DA:23,1
DA:24,1
DA:25,1
DA:26,1
DA:27,1
DA:28,1
DA:29,1
DA:39,1
DA:50,1
DA:51,1
DA:52,1
DA:55,13
DA:56,12
DA:57,12
DA:58,12
DA:59,12
DA:60,12
DA:61,12
DA:62,12
DA:66,1
DA:67,1
DA:69,1
DA:71,1
DA:79,1
DA:80,1
DA:81,1
DA:82,1
DA:83,1
DA:86,1
DA:88,1
DA:93,1
DA:94,1
DA:95,1
DA:96,1
DA:97,1
DA:98,1
DA:101,1
DA:102,2
DA:103,2
DA:104,2
DA:106,2
DA:109,2
DA:112,2
DA:113,2
DA:115,2
DA:117,0
DA:118,0
DA:119,0
DA:122,1
DA:124,1
DA:131,1
DA:135,1
DA:138,1
DA:140,1
DA:141,1
DA:142,1
DA:152,1
DA:156,1
DA:158,0
DA:159,0
DA:164,1
DA:165,1
DA:166,1
DA:168,1
DA:172,1
DA:173,1
DA:175,1
DA:180,2
DA:181,2
DA:182,2
DA:185,2
DA:187,2
DA:188,2
DA:193,4
DA:195,1
DA:205,0
DA:215,3
DA:225,0
DA:239,1
DA:243,9
DA:246,12
DA:250,0
DA:256,0
DA:263,1
DA:264,1
DA:296,1
DA:309,1
DA:314,1
DA:330,1
DA:351,4
DA:359,4
DA:381,4
LF:93
LH:84
BRDA:39,0,0,1
BRDA:39,0,1,1
BRDA:96,1,0,1
BRDA:96,2,0,1
BRDA:96,2,1,1
BRDA:98,3,0,0
BRDA:98,3,1,1
BRDA:106,4,0,1
BRDA:106,4,1,1
BRDA:115,5,0,0
BRDA:115,6,0,2
BRDA:115,6,1,1
BRDA:141,7,0,1
BRDA:141,7,1,0
BRDA:168,8,0,1
BRDA:168,8,1,1
BRDA:168,8,2,1
BRDA:172,9,0,1
BRDA:193,10,0,1
BRDA:193,10,1,0
BRDA:193,10,2,3
BRDA:193,10,3,0
BRDA:243,11,0,9
BRDA:243,11,1,3
BRDA:291,12,0,7
BRDA:291,12,1,5
BRDA:304,13,0,6
BRDA:304,13,1,6
BRDA:331,14,0,12
BRDA:331,14,1,9
BRDA:335,15,0,3
BRDA:335,15,1,9
BRF:32
BRH:27
end_of_record
TN:
SF:src/context/AuthenticationContext.tsx
FN:31,(anonymous_1)
FN:85,(anonymous_2)
FN:22,(anonymous_4)
FN:25,(anonymous_5)
FN:31,AuthenticationProvider
FN:35,(anonymous_7)
FN:36,(anonymous_8)
FN:54,(anonymous_9)
FN:58,(anonymous_10)
FN:72,(anonymous_11)
FN:81,(anonymous_12)
FN:85,useAuthentication
FNF:12
FNH:10
FNDA:3,(anonymous_1)
FNDA:4,(anonymous_2)
FNDA:2,(anonymous_4)
FNDA:1,(anonymous_5)
FNDA:4,AuthenticationProvider
FNDA:3,(anonymous_7)
FNDA:3,(anonymous_8)
FNDA:0,(anonymous_9)
FNDA:1,(anonymous_10)
FNDA:0,(anonymous_11)
FNDA:4,(anonymous_12)
FNDA:4,useAuthentication
DA:6,4
DA:7,4
DA:8,4
DA:9,4
DA:10,4
DA:11,4
DA:20,4
DA:31,3
DA:32,4
DA:33,4
DA:35,4
DA:36,3
DA:38,3
DA:39,1
DA:42,2
DA:43,2
DA:44,2
DA:45,2
DA:47,2
DA:48,1
DA:51,1
DA:54,3
DA:58,4
DA:59,1
DA:60,1
DA:61,1
DA:64,1
DA:65,1
DA:66,1
DA:67,1
DA:69,0
DA:72,4
DA:73,0
DA:74,0
DA:75,0
DA:78,4
DA:81,4
DA:82,4
DA:85,4
DA:86,4
LF:40
LH:36
BRDA:38,0,0,1
BRDA:38,1,0,3
BRDA:38,1,1,2
BRDA:47,2,0,1
BRDA:47,2,1,1
BRDA:47,3,0,2
BRDA:47,3,1,1
BRDA:47,3,2,1
BRDA:47,3,3,1
BRF:9
BRH:9
end_of_record
TN:
SF:src/context/NotificationsContext.tsx
FN:30,(anonymous_1)
FN:46,(anonymous_2)
FN:19,(anonymous_3)
FN:22,(anonymous_4)
FN:30,NotificationsProvider
FN:33,pushNotification
FN:37,dismissNotification
FN:38,(anonymous_8)
FN:38,(anonymous_9)
FN:42,(anonymous_10)
FN:46,useNotifications
FNF:11
FNH:10
FNDA:4,(anonymous_1)
FNDA:219,(anonymous_2)
FNDA:8,(anonymous_3)
FNDA:0,(anonymous_4)
FNDA:10,NotificationsProvider
FNDA:5,pushNotification
FNDA:1,dismissNotification
FNDA:1,(anonymous_8)
FNDA:3,(anonymous_9)
FNDA:10,(anonymous_10)
FNDA:219,useNotifications
DA:7,21
DA:8,21
DA:17,21
DA:28,21
DA:30,4
DA:31,10
DA:34,5
DA:38,3
DA:42,10
DA:43,10
DA:46,219
DA:47,219
LF:12
LH:12
BRF:0
BRH:0
end_of_record
TN:
SF:src/context/SettingsContext.tsx
FN:21,(anonymous_1)
FN:36,(anonymous_2)
FN:16,(anonymous_3)
FN:21,SettingsProvider
FN:25,(anonymous_5)
FN:27,(anonymous_6)
FN:36,useSettings
FNF:7
FNH:5
FNDA:1,(anonymous_1)
FNDA:92,(anonymous_2)
FNDA:0,(anonymous_3)
FNDA:1,SettingsProvider
FNDA:1,(anonymous_5)
FNDA:0,(anonymous_6)
FNDA:92,useSettings
DA:6,19
DA:7,19
DA:14,19
DA:21,1
DA:22,1
DA:24,1
DA:25,1
DA:33,1
DA:36,92
DA:37,92
LF:10
LH:10
BRF:0
BRH:0
end_of_record
TN:
SF:src/helpers/apiHelper.ts
FN:124,(anonymous_1)
FN:124,(anonymous_2)
FN:124,(anonymous_3)
FN:124,(anonymous_4)
FN:21,(anonymous_8)
FN:45,(anonymous_9)
FN:88,(anonymous_10)
FN:97,(anonymous_11)
FN:106,(anonymous_12)
FN:115,(anonymous_13)
FNF:10
FNH:10
FNDA:412,(anonymous_1)
FNDA:19,(anonymous_2)
FNDA:8,(anonymous_3)
FNDA:2,(anonymous_4)
FNDA:8,(anonymous_8)
FNDA:112,(anonymous_9)
FNDA:83,(anonymous_10)
FNDA:19,(anonymous_11)
FNDA:8,(anonymous_12)
FNDA:2,(anonymous_13)
DA:5,25
DA:6,25
DA:7,25
DA:8,25
DA:10,25
DA:11,25
DA:12,25
DA:13,0
DA:15,25
DA:19,25
DA:21,25
DA:22,8
DA:26,8
DA:27,1
DA:28,1
DA:32,1
DA:33,0
DA:34,0
DA:37,1
DA:38,0
DA:39,0
DA:42,8
DA:45,25
DA:46,112
DA:47,112
DA:48,112
DA:51,112
DA:52,101
DA:53,101
DA:54,0
DA:55,0
DA:56,0
DA:57,0
DA:62,112
DA:65,112
DA:67,112
DA:69,0
DA:74,0
DA:82,0
DA:84,112
DA:85,103
DA:88,25
DA:89,83
DA:94,83
DA:97,25
DA:98,19
DA:103,19
DA:106,25
DA:107,8
DA:112,8
DA:115,25
DA:116,2
DA:121,2
DA:124,412
LF:54
LH:42
BRDA:11,0,0,25
BRDA:11,1,0,25
BRDA:11,1,1,25
BRDA:12,2,0,0
BRDA:12,2,1,25
BRDA:19,3,0,0
BRDA:19,3,1,25
BRDA:26,4,0,1
BRDA:27,5,0,0
BRDA:27,5,1,1
BRDA:27,6,0,1
BRDA:27,6,1,1
BRDA:28,7,0,1
BRDA:28,7,1,0
BRDA:28,8,0,1
BRDA:28,8,1,1
BRDA:32,9,0,0
BRDA:32,10,0,1
BRDA:32,10,1,1
BRDA:37,11,0,0
BRDA:37,12,0,1
BRDA:37,12,1,1
BRDA:51,13,0,101
BRDA:53,14,0,0
BRDA:56,15,0,0
BRDA:67,16,0,0
BRDA:67,17,0,112
BRDA:67,17,1,0
BRDA:67,17,2,0
BRF:29
BRH:18
end_of_record
TN:
SF:src/helpers/authService.ts
FN:19,(anonymous_1)
FN:32,(anonymous_2)
FN:48,(anonymous_3)
FN:61,(anonymous_4)
FN:104,(anonymous_5)
FN:19,(anonymous_6)
FN:27,clearStorage
FN:32,(anonymous_8)
FN:48,(anonymous_9)
FN:61,(anonymous_10)
FN:104,(anonymous_11)
FNF:11
FNH:10
FNDA:2,(anonymous_1)
FNDA:1,(anonymous_2)
FNDA:1,(anonymous_3)
FNDA:1,(anonymous_4)
FNDA:0,(anonymous_5)
FNDA:3,(anonymous_6)
FNDA:1,clearStorage
FNDA:1,(anonymous_8)
FNDA:1,(anonymous_9)
FNDA:2,(anonymous_10)
FNDA:1,(anonymous_11)
DA:10,26
DA:11,26
DA:19,26
DA:20,3
DA:21,3
DA:22,3
DA:24,3
DA:28,1
DA:29,1
DA:32,26
DA:33,1
DA:34,1
DA:36,0
DA:39,1
DA:42,1
DA:43,1
DA:45,1
DA:48,26
DA:49,1
DA:50,1
DA:55,1
DA:56,1
DA:57,1
DA:58,1
DA:61,26
DA:62,2
DA:63,2
DA:65,2
DA:70,2
DA:74,2
DA:80,2
DA:83,2
DA:90,2
DA:92,2
DA:93,0
DA:95,2
DA:101,2
DA:104,26
DA:106,1
DA:107,1
LF:40
LH:38
BRDA:21,0,0,3
BRDA:63,1,0,0
BRDA:63,1,1,2
BRDA:92,2,0,0
BRDA:92,3,0,2
BRDA:92,3,1,2
BRDA:92,3,2,2
BRDA:92,3,3,2
BRF:8
BRH:6
end_of_record
TN:
SF:src/helpers/dateHelper.ts
FN:22,(anonymous_1)
FN:22,(anonymous_2)
FN:6,formatDateFromISOString
FN:14,formatDate
FNF:4
FNH:3
FNDA:105,(anonymous_1)
FNDA:0,(anonymous_2)
FNDA:105,formatDateFromISOString
FNDA:65,formatDate
DA:7,105
DA:8,40
DA:11,65
DA:15,65
DA:22,105
LF:5
LH:5
BRDA:6,0,0,105
BRDA:7,1,0,40
BRDA:14,2,0,0
BRF:3
BRH:2
end_of_record
TN:
SF:src/helpers/fileHelper.ts
FN:11,(anonymous_1)
FN:31,(anonymous_2)
FN:43,(anonymous_3)
FN:11,formatFileSize
FN:31,toFileWithPath
FN:43,removeFileNameFromPath
FNF:6
FNH:6
FNDA:132,(anonymous_1)
FNDA:4,(anonymous_2)
FNDA:3,(anonymous_3)
FNDA:132,formatFileSize
FNDA:4,toFileWithPath
FNDA:3,removeFileNameFromPath
DA:6,13
DA:7,13
DA:8,13
DA:9,13
DA:11,132
DA:12,132
DA:13,105
DA:15,27
DA:16,27
DA:18,0
DA:19,0
DA:21,0
DA:22,0
DA:24,0
DA:31,4
DA:32,4
DA:33,4
DA:40,4
DA:43,3
DA:44,3
DA:45,3
DA:47,0
LF:22
LH:16
BRDA:12,0,0,105
BRDA:15,1,0,27
BRDA:18,2,0,0
BRDA:21,3,0,0
BRDA:44,4,0,3
BRF:5
BRH:3
end_of_record
TN:
SF:src/helpers/userActionSupport.ts
FN:13,(anonymous_1)
FN:17,(anonymous_2)
FN:21,(anonymous_3)
FN:25,(anonymous_4)
FN:31,(anonymous_5)
FN:35,(anonymous_6)
FN:39,(anonymous_7)
FN:43,(anonymous_8)
FN:47,(anonymous_9)
FN:51,(anonymous_10)
FN:55,(anonymous_11)
FN:13,(anonymous_12)
FN:17,(anonymous_13)
FN:21,(anonymous_14)
FN:25,(anonymous_15)
FN:31,(anonymous_16)
FN:35,(anonymous_17)
FN:39,(anonymous_18)
FN:43,(anonymous_19)
FN:47,(anonymous_20)
FN:51,(anonymous_21)
FN:55,(anonymous_22)
FNF:22
FNH:20
FNDA:9,(anonymous_1)
FNDA:42,(anonymous_2)
FNDA:44,(anonymous_3)
FNDA:23,(anonymous_4)
FNDA:23,(anonymous_5)
FNDA:9,(anonymous_6)
FNDA:0,(anonymous_7)
FNDA:17,(anonymous_8)
FNDA:40,(anonymous_9)
FNDA:20,(anonymous_10)
FNDA:16,(anonymous_11)
FNDA:9,(anonymous_12)
FNDA:42,(anonymous_13)
FNDA:44,(anonymous_14)
FNDA:23,(anonymous_15)
FNDA:23,(anonymous_16)
FNDA:9,(anonymous_17)
FNDA:0,(anonymous_18)
FNDA:17,(anonymous_19)
FNDA:40,(anonymous_20)
FNDA:20,(anonymous_21)
FNDA:16,(anonymous_22)
DA:6,11
DA:8,11
DA:9,11
DA:10,11
DA:11,11
DA:13,11
DA:14,9
DA:17,42
DA:18,42
DA:21,44
DA:22,44
DA:25,23
DA:26,23
DA:31,23
DA:32,23
DA:35,11
DA:36,9
DA:39,11
DA:40,0
DA:43,17
DA:44,17
DA:47,40
DA:48,40
DA:51,20
DA:52,20
DA:55,16
DA:56,16
LF:27
LH:26
BRDA:14,0,0,9
BRDA:14,0,1,0
BRDA:18,1,0,42
BRDA:18,1,1,0
BRDA:22,2,0,44
BRDA:22,2,1,0
BRDA:27,3,0,23
BRDA:27,3,1,8
BRDA:27,3,2,0
BRDA:32,4,0,23
BRDA:32,4,1,2
BRDA:36,5,0,9
BRDA:36,5,1,0
BRDA:40,6,0,0
BRDA:40,6,1,0
BRDA:44,7,0,17
BRDA:44,7,1,0
BRDA:48,8,0,40
BRDA:48,8,1,0
BRDA:52,9,0,20
BRDA:52,9,1,0
BRDA:56,10,0,16
BRDA:56,10,1,0
BRF:23
BRH:12
end_of_record
TN:
SF:src/models/AppSettings.ts
FN:22,(anonymous_2)
FN:6,(anonymous_3)
FNF:2
FNH:2
FNDA:20,(anonymous_2)
FNDA:19,(anonymous_3)
DA:6,19
DA:22,20
LF:2
LH:2
BRDA:6,0,0,19
BRDA:6,0,1,19
BRDA:29,1,0,19
BRDA:29,1,1,19
BRF:4
BRH:4
end_of_record
TN:
SF:src/models/User.ts
FN:10,(anonymous_0)
FNF:1
FNH:1
FNDA:12,(anonymous_0)
DA:10,12
LF:1
LH:1
BRF:0
BRH:0
end_of_record
TN:
SF:src/pages/index.tsx
FN:63,(anonymous_0)
FN:23,(anonymous_2)
FN:27,(anonymous_3)
FN:28,(anonymous_4)
FNF:4
FNH:4
FNDA:5,(anonymous_0)
FNDA:6,(anonymous_2)
FNDA:6,(anonymous_3)
FNDA:6,(anonymous_4)
DA:8,1
DA:9,1
DA:10,1
DA:11,1
DA:12,1
DA:13,1
DA:14,1
DA:20,1
DA:21,1
DA:23,1
DA:24,6
DA:25,6
DA:27,6
DA:28,6
DA:29,6
DA:30,1
DA:32,5
DA:36,0
DA:40,6
DA:43,6
DA:50,6
DA:63,5
LF:22
LH:21
BRDA:29,0,0,1
BRDA:32,1,0,0
BRDA:33,2,0,5
BRDA:33,2,1,5
BRF:4
BRH:3
end_of_record
TN:
SF:src/pages/all-cases/index.tsx
FN:12,(anonymous_0)
FNF:1
FNH:1
FNDA:4,(anonymous_0)
DA:7,1
DA:8,1
DA:9,1
DA:10,1
DA:12,2
DA:13,2
DA:19,2
LF:7
LH:7
BRF:0
BRH:0
end_of_record
TN:
SF:src/pages/auth-test/index.tsx
FN:6,(anonymous_0)
FNF:1
FNH:1
FNDA:2,(anonymous_0)
DA:6,1
DA:7,1
LF:2
LH:2
BRF:0
BRH:0
end_of_record
TN:
SF:src/pages/case-detail/index.tsx
FN:46,(anonymous_0)
FN:18,CaseDetailsPage
FNF:2
FNH:2
FNDA:12,(anonymous_0)
FNDA:13,CaseDetailsPage
DA:7,6
DA:8,6
DA:9,6
DA:10,6
DA:11,6
DA:12,6
DA:19,13
DA:20,13
DA:21,12
DA:22,12
DA:23,1
DA:26,11
DA:28,11
DA:39,11
DA:46,12
LF:15
LH:15
BRDA:22,0,0,1
BRDA:22,1,0,12
BRDA:22,1,1,11
BRDA:26,2,0,0
BRDA:26,2,1,11
BRF:5
BRH:4
end_of_record
TN:
SF:src/pages/create-cases/index.tsx
FN:43,(anonymous_0)
FN:18,(anonymous_2)
FNF:2
FNH:2
FNDA:4,(anonymous_0)
FNDA:4,(anonymous_2)
DA:6,1
DA:8,1
DA:9,1
DA:10,1
DA:11,1
DA:12,1
DA:18,1
DA:19,4
DA:21,4
DA:23,4
DA:34,4
DA:43,4
LF:12
LH:12
BRDA:21,0,0,0
BRDA:21,0,1,4
BRF:2
BRH:1
end_of_record
TN:
SF:src/pages/edit-case/index.tsx
FN:54,(anonymous_0)
FN:19,(anonymous_2)
FNF:2
FNH:2
FNDA:7,(anonymous_0)
FNDA:7,(anonymous_2)
DA:6,2
DA:8,2
DA:9,2
DA:10,2
DA:11,2
DA:12,2
DA:13,2
DA:19,2
DA:20,7
DA:21,7
DA:22,7
DA:24,7
DA:26,7
DA:27,1
DA:30,6
DA:45,6
DA:54,7
LF:17
LH:17
BRDA:24,0,0,0
BRDA:24,0,1,7
BRDA:26,1,0,1
BRDA:26,2,0,7
BRDA:26,2,1,6
BRF:5
BRH:4
end_of_record
TN:
SF:src/pages/file-detail/index.tsx
FN:50,(anonymous_0)
FN:18,FileDetailPage
FNF:2
FNH:2
FNDA:12,(anonymous_0)
FNDA:12,FileDetailPage
DA:7,3
DA:8,3
DA:9,3
DA:10,3
DA:11,3
DA:12,3
DA:19,12
DA:20,12
DA:21,12
DA:22,12
DA:23,6
DA:26,6
DA:28,6
DA:43,6
DA:50,12
LF:15
LH:15
BRDA:22,0,0,6
BRDA:22,1,0,12
BRDA:22,1,1,10
BRDA:22,1,2,8
BRDA:22,1,3,7
BRDA:26,2,0,0
BRDA:26,2,1,6
BRF:7
BRH:6
end_of_record
TN:
SF:src/pages/login/index.tsx
FN:15,(anonymous_0)
FN:20,(anonymous_2)
FN:21,(anonymous_3)
FN:58,(anonymous_4)
FNF:4
FNH:3
FNDA:6,(anonymous_0)
FNDA:3,(anonymous_2)
FNDA:3,(anonymous_3)
FNDA:0,(anonymous_4)
DA:6,2
DA:7,2
DA:8,2
DA:9,2
DA:10,2
DA:11,2
DA:12,2
DA:13,2
DA:15,3
DA:16,3
DA:17,3
DA:18,3
DA:20,3
DA:21,3
DA:22,3
DA:24,3
DA:25,2
DA:26,2
DA:27,2
DA:28,2
DA:31,0
DA:32,0
DA:33,0
DA:34,0
DA:40,0
DA:41,0
DA:42,0
DA:43,0
DA:44,0
DA:48,0
DA:49,0
DA:51,0
DA:52,0
DA:53,0
DA:58,3
DA:61,3
LF:36
LH:22
BRDA:22,0,0,2
BRDA:22,0,1,1
BRDA:24,1,0,2
BRDA:26,2,0,2
BRF:4
BRH:4
end_of_record
TN:
SF:src/pages/manage-case/index.tsx
FN:23,(anonymous_0)
FN:34,addOwnerHandler
FNF:2
FNH:2
FNDA:8,(anonymous_0)
FNDA:2,addOwnerHandler
DA:13,1
DA:14,1
DA:15,1
DA:16,1
DA:17,1
DA:18,1
DA:19,1
DA:20,1
DA:21,1
DA:23,2
DA:24,6
DA:25,5
DA:26,5
DA:28,5
DA:29,5
DA:30,5
DA:32,5
DA:35,2
DA:36,2
DA:37,2
DA:38,1
DA:40,1
DA:44,5
DA:46,5
DA:56,5
LF:25
LH:25
BRDA:44,0,0,0
BRDA:44,0,1,5
BRF:2
BRH:1
end_of_record
TN:
SF:src/pages/upload-files/index.tsx
FN:54,(anonymous_0)
FN:19,(anonymous_2)
FNF:2
FNH:2
FNDA:3,(anonymous_0)
FNDA:4,(anonymous_2)
DA:6,1
DA:8,1
DA:9,1
DA:10,1
DA:11,1
DA:12,1
DA:13,1
DA:19,1
DA:20,4
DA:21,4
DA:22,3
DA:24,3
DA:26,3
DA:27,0
DA:30,3
DA:45,3
DA:54,3
LF:17
LH:16
BRDA:24,0,0,0
BRDA:24,0,1,3
BRDA:26,1,0,0
BRDA:26,2,0,3
BRDA:26,2,1,3
BRDA:26,2,2,3
BRDA:26,2,3,3
BRF:7
BRH:5
end_of_record
