TN:
SF:src/dea-ui-stack.ts
FN:36,(anonymous_7)
FN:82,(anonymous_8)
FN:121,(anonymous_9)
FN:161,(anonymous_10)
FN:189,(anonymous_11)
FNF:5
FNH:5
FNDA:2,(anonymous_7)
FNDA:2,(anonymous_8)
FNDA:14,(anonymous_9)
FNDA:14,(anonymous_10)
FNDA:2,(anonymous_11)
DA:6,1
DA:7,1
DA:8,1
DA:9,1
DA:10,1
DA:19,1
DA:21,1
DA:22,1
DA:23,1
DA:24,1
DA:33,1
DA:37,2
DA:39,2
DA:50,2
DA:52,2
DA:54,2
DA:56,2
DA:57,2
DA:58,1
DA:59,1
DA:61,1
DA:63,1
DA:65,1
DA:68,2
DA:73,2
DA:77,2
DA:79,2
DA:86,2
DA:87,2
DA:88,2
DA:91,2
DA:92,2
DA:93,2
DA:96,2
DA:97,2
DA:98,2
DA:101,2
DA:102,2
DA:103,2
DA:106,2
DA:107,2
DA:108,2
DA:111,2
DA:112,2
DA:113,2
DA:116,2
DA:117,2
DA:118,2
DA:122,14
DA:162,14
DA:190,2
DA:204,2
LF:52
LH:52
BRDA:57,0,0,1
BRDA:58,1,0,1
BRDA:58,1,1,0
BRDA:58,2,0,1
BRDA:58,2,1,1
BRDA:59,3,0,1
BRDA:59,3,1,1
BRF:7
BRH:6
end_of_record
TN:
SF:src/generate-subresource-integrity.ts
FN:10,(anonymous_7)
FN:14,(anonymous_8)
FN:15,(anonymous_9)
FN:20,(anonymous_10)
FNF:4
FNH:4
FNDA:3,(anonymous_7)
FNDA:36,(anonymous_8)
FNDA:23,(anonymous_9)
FNDA:287,(anonymous_10)
DA:6,2
DA:7,2
DA:8,2
DA:10,2
DA:11,3
DA:12,3
DA:13,3
DA:14,36
DA:16,23
DA:17,23
DA:18,23
DA:21,287
DA:22,287
DA:23,265
DA:24,265
DA:25,265
DA:26,265
DA:27,265
DA:28,265
DA:32,23
DA:34,3
LF:21
LH:21
BRDA:22,0,0,265
BRF:1
BRH:1
end_of_record
