TN:
SF:src/cognito-token-helpers.ts
FN:15,(anonymous_0)
FN:55,(anonymous_1)
FN:72,(anonymous_2)
FNF:3
FNH:3
FNDA:88,(anonymous_0)
FNDA:11,(anonymous_1)
FNDA:7,(anonymous_2)
DA:6,76
DA:7,76
DA:9,76
DA:10,76
DA:13,76
DA:15,76
DA:16,88
DA:17,88
DA:18,88
DA:19,88
DA:25,88
DA:31,1
DA:35,87
DA:39,87
DA:42,87
DA:48,87
DA:49,87
DA:51,1
DA:55,76
DA:59,11
DA:60,2
DA:62,9
DA:69,9
DA:72,76
DA:73,7
DA:74,0
DA:76,7
DA:78,7
LF:28
LH:27
BRDA:25,0,0,1
BRDA:26,1,0,88
BRDA:26,1,1,88
BRDA:26,1,2,87
BRDA:26,1,3,87
BRDA:27,2,0,0
BRDA:27,2,1,88
BRDA:27,3,0,88
BRDA:27,3,1,88
BRDA:35,4,0,0
BRDA:35,4,1,87
BRDA:39,5,0,87
BRDA:39,5,1,0
BRDA:59,6,0,2
BRDA:59,7,0,11
BRDA:59,7,1,10
BRDA:73,8,0,0
BRDA:73,9,0,7
BRDA:73,9,1,7
BRF:19
BRH:15
end_of_record
TN:
SF:src/lambda-http-helpers.ts
FN:20,(anonymous_2)
FN:26,(anonymous_3)
FN:44,(anonymous_4)
FN:60,(anonymous_5)
FN:80,getRequiredPayload
FN:101,(anonymous_7)
FN:124,(anonymous_8)
FN:128,(anonymous_9)
FN:129,(anonymous_10)
FN:130,(anonymous_11)
FN:134,(anonymous_12)
FN:145,(anonymous_13)
FN:151,(anonymous_14)
FN:162,(anonymous_15)
FN:173,(anonymous_16)
FN:182,(anonymous_17)
FNF:16
FNH:16
FNDA:392,(anonymous_2)
FNDA:18,(anonymous_3)
FNDA:26,(anonymous_4)
FNDA:444,(anonymous_5)
FNDA:203,getRequiredPayload
FNDA:5,(anonymous_7)
FNDA:28,(anonymous_8)
FNDA:29,(anonymous_9)
FNDA:29,(anonymous_10)
FNDA:28,(anonymous_11)
FNDA:28,(anonymous_12)
FNDA:76,(anonymous_13)
FNDA:132,(anonymous_14)
FNDA:1,(anonymous_15)
FNDA:1642,(anonymous_16)
FNDA:2,(anonymous_17)
DA:8,78
DA:9,78
DA:10,78
DA:12,78
DA:13,78
DA:20,78
DA:21,392
DA:22,392
DA:23,392
DA:26,78
DA:29,18
DA:30,18
DA:31,18
DA:32,13
DA:33,13
DA:35,18
DA:36,5
DA:37,5
DA:38,5
DA:41,18
DA:44,78
DA:50,26
DA:51,26
DA:52,4
DA:55,26
DA:57,26
DA:60,78
DA:65,444
DA:66,444
DA:67,444
DA:68,421
DA:69,418
DA:73,23
DA:77,23
DA:80,78
DA:85,203
DA:86,8
DA:90,195
DA:91,195
DA:93,6
DA:96,189
DA:98,169
DA:101,78
DA:102,5
DA:103,5
DA:104,2
DA:111,3
DA:113,3
DA:114,1
DA:117,2
DA:121,2
DA:124,78
DA:125,28
DA:128,29
DA:129,29
DA:130,28
DA:134,78
DA:135,28
DA:136,28
DA:137,28
DA:138,28
DA:139,28
DA:142,0
DA:145,78
DA:146,76
DA:148,76
DA:151,78
DA:152,132
DA:153,132
DA:154,127
DA:158,5
DA:159,5
DA:162,78
DA:163,1
DA:164,1
DA:165,0
DA:169,1
DA:170,1
DA:173,78
DA:174,1642
DA:175,1642
DA:176,1
DA:179,1641
DA:182,78
DA:187,2
DA:188,2
DA:189,2
LF:87
LH:85
BRDA:30,0,0,18
BRDA:31,1,0,13
BRDA:35,2,0,5
BRDA:51,3,0,4
BRDA:52,4,0,3
BRDA:52,4,1,1
BRDA:52,5,0,4
BRDA:52,5,1,4
BRDA:65,6,0,444
BRDA:67,7,0,421
BRDA:85,8,0,8
BRDA:103,9,0,2
BRDA:113,10,0,1
BRDA:126,11,0,28
BRDA:126,11,1,0
BRDA:126,12,0,0
BRDA:126,12,1,28
BRDA:126,13,0,28
BRDA:126,13,1,28
BRDA:136,14,0,28
BRDA:146,15,0,0
BRDA:146,15,1,76
BRDA:146,16,0,76
BRDA:146,16,1,76
BRDA:146,17,0,76
BRDA:146,17,1,0
BRDA:146,18,0,76
BRDA:146,18,1,76
BRDA:153,19,0,127
BRDA:164,20,0,0
BRDA:174,21,0,178
BRDA:174,21,1,1464
BRDA:174,22,0,1642
BRDA:174,22,1,1642
BRDA:175,23,0,1
BRF:35
BRH:30
end_of_record
TN:
SF:src/logger.ts
FN:8,(anonymous_0)
FN:25,(anonymous_1)
FN:28,(anonymous_2)
FN:31,(anonymous_3)
FN:34,(anonymous_4)
FNF:5
FNH:5
FNDA:2,(anonymous_0)
FNDA:96,(anonymous_1)
FNDA:53,(anonymous_2)
FNDA:495,(anonymous_3)
FNDA:3,(anonymous_4)
DA:8,79
DA:9,2
DA:10,2
DA:18,1
DA:20,1
DA:24,79
DA:26,96
DA:29,53
DA:32,495
DA:35,3
LF:10
LH:10
BRDA:10,0,0,1
BRDA:10,0,1,1
BRDA:10,0,2,1
BRDA:10,0,3,1
BRDA:10,0,4,1
BRDA:10,0,5,1
BRDA:10,0,6,1
BRDA:10,0,7,1
BRF:8
BRH:8
end_of_record
TN:
SF:src/app/audit/dea-audit-plugin.ts
FNF:0
FNH:0
DA:6,78
DA:7,78
DA:8,78
DA:9,78
DA:11,78
DA:13,78
DA:18,78
DA:19,78
LF:8
LH:8
BRDA:11,0,0,0
BRDA:11,0,1,78
BRDA:11,1,0,78
BRDA:11,1,1,78
BRF:4
BRH:3
end_of_record
TN:
SF:src/app/audit/dea-audit-writer.ts
FN:31,(anonymous_0)
FN:42,(anonymous_1)
FN:59,(anonymous_2)
FNF:3
FNH:3
FNDA:81,(anonymous_0)
FNDA:3,(anonymous_1)
FNDA:3,(anonymous_2)
DA:9,78
DA:15,78
DA:16,78
DA:17,78
DA:18,78
DA:23,78
DA:25,78
DA:27,78
DA:31,81
DA:32,81
DA:33,81
DA:34,0
DA:38,0
DA:45,3
DA:46,3
DA:47,3
DA:48,3
DA:49,3
DA:50,3
DA:51,3
DA:52,3
DA:53,3
DA:54,3
DA:55,3
DA:56,3
DA:60,3
DA:61,3
DA:67,3
DA:68,3
DA:69,2
DA:70,2
LF:31
LH:29
BRDA:33,0,0,0
BRDA:68,1,0,2
BRDA:68,2,0,3
BRDA:68,2,1,2
BRF:4
BRH:3
end_of_record
TN:
SF:src/app/exceptions/forbidden-exception.ts
FN:11,(anonymous_0)
FNF:1
FNH:1
FNDA:1,(anonymous_0)
DA:6,1
DA:10,1
DA:12,1
DA:13,1
LF:4
LH:4
BRF:0
BRH:0
end_of_record
TN:
SF:src/app/exceptions/not-found-exception.ts
FN:11,(anonymous_0)
FNF:1
FNH:1
FNDA:34,(anonymous_0)
DA:6,79
DA:10,79
DA:12,34
DA:13,34
LF:4
LH:4
BRF:0
BRH:0
end_of_record
TN:
SF:src/app/exceptions/reauthentication-exception.ts
FN:13,(anonymous_0)
FNF:1
FNH:1
FNDA:6,(anonymous_0)
DA:6,77
DA:12,77
DA:14,6
DA:15,6
LF:4
LH:4
BRF:0
BRH:0
end_of_record
TN:
SF:src/app/exceptions/throttling-exception.ts
FN:10,(anonymous_0)
FNF:1
FNH:0
FNDA:0,(anonymous_0)
DA:6,9
DA:9,9
DA:11,0
DA:12,0
LF:4
LH:2
BRF:0
BRH:0
end_of_record
TN:
SF:src/app/exceptions/validation-exception.ts
FN:11,(anonymous_0)
FNF:1
FNH:1
FNDA:74,(anonymous_0)
DA:6,79
DA:10,79
DA:12,74
DA:13,74
LF:4
LH:4
BRF:0
BRH:0
end_of_record
TN:
SF:src/app/resources/complete-case-file-upload.ts
FN:18,(anonymous_6)
FNF:1
FNH:1
FNDA:57,(anonymous_6)
DA:6,73
DA:8,73
DA:9,73
DA:10,73
DA:11,73
DA:12,73
DA:13,73
DA:14,73
DA:16,73
DA:18,73
DA:27,57
DA:28,55
DA:29,53
DA:34,48
DA:35,1
DA:37,47
DA:38,1
DA:41,46
DA:42,45
DA:47,39
DA:56,39
DA:62,39
LF:22
LH:22
BRDA:34,0,0,1
BRDA:37,1,0,1
BRF:2
BRH:2
end_of_record
TN:
SF:src/app/resources/create-case-membership.ts
FN:16,(anonymous_0)
FNF:1
FNH:1
FNDA:10,(anonymous_0)
DA:6,2
DA:8,2
DA:9,2
DA:10,2
DA:11,2
DA:12,2
DA:14,2
DA:16,2
DA:23,10
DA:25,9
DA:27,7
DA:28,1
DA:31,6
DA:32,2
LF:14
LH:14
BRDA:27,0,0,1
BRF:1
BRH:1
end_of_record
TN:
SF:src/app/resources/create-case-owner.ts
FN:16,(anonymous_0)
FNF:1
FNH:1
FNDA:10,(anonymous_0)
DA:6,1
DA:8,1
DA:9,1
DA:10,1
DA:11,1
DA:12,1
DA:14,1
DA:16,1
DA:23,10
DA:25,9
DA:27,7
DA:28,1
DA:31,6
DA:32,2
LF:14
LH:14
BRDA:27,0,0,1
BRF:1
BRH:1
end_of_record
TN:
SF:src/app/resources/create-cases.ts
FN:15,(anonymous_6)
FNF:1
FNH:1
FNDA:10,(anonymous_6)
DA:6,1
DA:8,1
DA:9,1
DA:10,1
DA:11,1
DA:13,1
DA:15,1
DA:22,10
DA:23,9
DA:24,9
DA:28,1
DA:31,8
DA:33,4
DA:35,3
LF:14
LH:14
BRDA:24,0,0,1
BRF:1
BRH:1
end_of_record
TN:
SF:src/app/resources/dea-lambda-utils.ts
FN:30,(anonymous_6)
FN:145,(anonymous_7)
FN:146,(anonymous_8)
FN:162,(anonymous_9)
FN:169,(anonymous_10)
FN:181,(anonymous_11)
FN:193,(anonymous_12)
FN:201,(anonymous_13)
FN:217,(anonymous_14)
FN:228,(anonymous_15)
FNF:10
FNH:10
FNDA:24,(anonymous_6)
FNDA:24,(anonymous_7)
FNDA:6,(anonymous_8)
FNDA:23,(anonymous_9)
FNDA:8,(anonymous_10)
FNDA:209,(anonymous_11)
FNDA:187,(anonymous_12)
FNDA:6,(anonymous_13)
FNDA:4,(anonymous_14)
FNDA:12,(anonymous_15)
DA:8,76
DA:9,76
DA:10,76
DA:13,76
DA:14,76
DA:15,76
DA:16,76
DA:17,76
DA:18,76
DA:28,76
DA:30,76
DA:38,24
DA:39,1
DA:40,1
DA:47,23
DA:48,23
DA:49,23
DA:50,23
DA:51,0
DA:54,0
DA:56,23
DA:57,23
DA:59,23
DA:67,23
DA:68,23
DA:69,23
DA:73,8
DA:74,8
DA:76,0
DA:83,15
DA:84,1
DA:85,1
DA:87,0
DA:97,14
DA:98,1
DA:101,1
DA:105,22
DA:106,22
DA:118,22
DA:126,22
DA:127,22
DA:132,22
DA:137,22
DA:138,4
DA:139,4
DA:141,18
DA:142,18
DA:144,18
DA:145,24
DA:146,6
DA:147,18
DA:148,3
DA:151,0
DA:152,0
DA:153,0
DA:162,76
DA:166,23
DA:169,76
DA:174,8
DA:176,8
DA:178,8
DA:181,76
DA:182,209
DA:183,209
DA:184,0
DA:185,0
DA:187,0
DA:188,0
DA:190,209
DA:193,76
DA:194,187
DA:201,76
DA:206,6
DA:207,6
DA:217,76
DA:218,4
DA:228,76
DA:229,12
LF:78
LH:67
BRDA:38,0,0,1
BRDA:48,1,0,0
BRDA:48,1,1,23
BRDA:48,2,0,23
BRDA:48,2,1,23
BRDA:49,3,0,23
BRDA:49,3,1,0
BRDA:50,4,0,0
BRDA:69,5,0,8
BRDA:69,5,1,15
BRDA:83,6,0,1
BRDA:83,6,1,14
BRDA:97,7,0,1
BRDA:137,8,0,4
BRDA:137,8,1,18
BRDA:141,9,0,18
BRDA:141,9,1,0
BRDA:183,10,0,0
BRDA:183,11,0,209
BRDA:183,11,1,0
BRDA:184,12,0,0
BRF:21
BRH:14
end_of_record
TN:
SF:src/app/resources/delete-case-membership.ts
FN:13,(anonymous_0)
FNF:1
FNH:1
FNDA:4,(anonymous_0)
DA:6,1
DA:7,1
DA:8,1
DA:9,1
DA:11,1
DA:13,1
DA:20,4
DA:21,3
DA:23,2
DA:24,2
LF:10
LH:10
BRF:0
BRH:0
end_of_record
TN:
SF:src/app/resources/delete-cases.ts
FN:13,(anonymous_6)
FNF:1
FNH:1
FNDA:4,(anonymous_6)
DA:6,1
DA:7,1
DA:8,1
DA:9,1
DA:11,1
DA:13,1
DA:20,4
DA:22,3
DA:24,3
LF:9
LH:9
BRF:0
BRH:0
end_of_record
TN:
SF:src/app/resources/download-case-file.ts
FN:17,(anonymous_0)
FNF:1
FNH:1
FNDA:11,(anonymous_0)
DA:6,73
DA:7,73
DA:8,73
DA:9,73
DA:10,73
DA:11,73
DA:12,73
DA:13,73
DA:15,73
DA:17,73
DA:26,11
DA:27,10
DA:29,9
DA:30,9
DA:31,1
DA:33,8
DA:34,1
DA:37,7
DA:43,7
LF:19
LH:19
BRDA:30,0,0,1
BRDA:33,1,0,1
BRF:2
BRH:2
end_of_record
TN:
SF:src/app/resources/get-all-cases.ts
FN:13,(anonymous_0)
FNF:1
FNH:1
FNDA:2,(anonymous_0)
DA:6,1
DA:7,1
DA:8,1
DA:10,1
DA:11,1
DA:13,1
DA:20,2
DA:22,2
DA:28,2
LF:9
LH:9
BRF:0
BRH:0
end_of_record
TN:
SF:src/app/resources/get-available-endpoints.ts
FN:10,(anonymous_0)
FNF:1
FNH:1
FNDA:3,(anonymous_0)
DA:6,1
DA:8,1
DA:10,1
DA:11,3
DA:12,2
LF:5
LH:5
BRF:0
BRH:0
end_of_record
TN:
SF:src/app/resources/get-case-actions.ts
FN:14,(anonymous_0)
FNF:1
FNH:1
FNDA:3,(anonymous_0)
DA:6,1
DA:7,1
DA:8,1
DA:9,1
DA:10,1
DA:12,1
DA:14,1
DA:21,3
DA:22,2
DA:24,1
DA:25,1
DA:26,0
DA:29,1
LF:13
LH:12
BRDA:25,0,0,0
BRF:1
BRH:0
end_of_record
TN:
SF:src/app/resources/get-case-audit.ts
FN:16,(anonymous_0)
FNF:1
FNH:1
FNDA:6,(anonymous_0)
DA:6,1
DA:7,1
DA:8,1
DA:9,1
DA:10,1
DA:11,1
DA:12,1
DA:14,1
DA:16,1
DA:27,6
DA:28,6
DA:30,6
DA:32,5
DA:34,5
DA:35,1
DA:37,4
LF:16
LH:16
BRDA:34,0,0,1
BRDA:34,0,1,4
BRF:2
BRH:2
end_of_record
TN:
SF:src/app/resources/get-case-details.ts
FN:14,(anonymous_6)
FNF:1
FNH:1
FNDA:3,(anonymous_6)
DA:6,1
DA:7,1
DA:8,1
DA:9,1
DA:10,1
DA:12,1
DA:14,1
DA:21,3
DA:23,2
DA:24,2
DA:25,1
DA:28,1
LF:12
LH:12
BRDA:24,0,0,1
BRF:1
BRH:1
end_of_record
TN:
SF:src/app/resources/get-case-file-audit.ts
FN:17,(anonymous_0)
FNF:1
FNH:1
FNDA:7,(anonymous_0)
DA:6,1
DA:7,1
DA:8,1
DA:9,1
DA:10,1
DA:11,1
DA:12,1
DA:13,1
DA:15,1
DA:17,1
DA:28,7
DA:29,7
DA:30,7
DA:32,7
DA:33,6
DA:35,5
DA:42,5
DA:43,1
DA:45,4
LF:19
LH:19
BRDA:42,0,0,1
BRDA:42,0,1,4
BRF:2
BRH:2
end_of_record
TN:
SF:src/app/resources/get-case-file-details.ts
FN:14,(anonymous_0)
FNF:1
FNH:1
FNDA:18,(anonymous_0)
DA:6,73
DA:7,73
DA:8,73
DA:9,73
DA:10,73
DA:12,73
DA:14,73
DA:21,18
DA:22,16
DA:24,15
DA:25,15
DA:26,1
DA:29,14
DA:31,14
LF:14
LH:14
BRDA:25,0,0,1
BRF:1
BRH:1
end_of_record
TN:
SF:src/app/resources/get-case-membership.ts
FN:16,(anonymous_0)
FNF:1
FNH:1
FNDA:4,(anonymous_0)
DA:6,1
DA:7,1
DA:8,1
DA:9,1
DA:10,1
DA:11,1
DA:13,1
DA:14,1
DA:16,1
DA:23,4
DA:24,4
DA:26,4
DA:27,4
DA:28,1
DA:31,3
DA:38,3
LF:16
LH:16
BRDA:27,0,0,1
BRF:1
BRH:1
end_of_record
TN:
SF:src/app/resources/get-login-url.ts
FN:13,(anonymous_1)
FNF:1
FNH:1
FNDA:1,(anonymous_1)
DA:5,1
DA:6,1
DA:7,1
DA:8,1
DA:11,1
DA:13,1
DA:14,1
DA:16,1
DA:18,1
DA:19,1
LF:10
LH:10
BRF:0
BRH:0
end_of_record
TN:
SF:src/app/resources/get-logout-url.ts
FN:13,(anonymous_1)
FNF:1
FNH:1
FNDA:1,(anonymous_1)
DA:5,1
DA:6,1
DA:7,1
DA:8,1
DA:11,1
DA:13,1
DA:14,1
DA:16,1
DA:18,1
DA:19,1
LF:10
LH:10
BRF:0
BRH:0
end_of_record
TN:
SF:src/app/resources/get-my-cases.ts
FN:13,(anonymous_0)
FNF:1
FNH:1
FNDA:4,(anonymous_0)
DA:6,1
DA:7,1
DA:8,1
DA:10,1
DA:11,1
DA:13,1
DA:20,4
DA:21,4
DA:23,3
DA:30,3
LF:10
LH:10
BRF:0
BRH:0
end_of_record
TN:
SF:src/app/resources/get-next-token.ts
FN:6,(anonymous_0)
FNF:1
FNH:1
FNDA:15,(anonymous_0)
DA:6,73
DA:7,15
DA:8,5
DA:10,10
LF:4
LH:4
BRDA:7,0,0,5
BRF:1
BRH:1
end_of_record
TN:
SF:src/app/resources/get-scoped-case-information.ts
FN:14,(anonymous_6)
FNF:1
FNH:1
FNDA:3,(anonymous_6)
DA:6,1
DA:7,1
DA:8,1
DA:9,1
DA:10,1
DA:12,1
DA:14,1
DA:21,3
DA:23,2
DA:24,2
DA:25,1
DA:28,1
LF:12
LH:12
BRDA:24,0,0,1
BRF:1
BRH:1
end_of_record
TN:
SF:src/app/resources/get-system-audit.ts
FN:15,(anonymous_0)
FNF:1
FNH:1
FNDA:5,(anonymous_0)
DA:6,1
DA:7,1
DA:8,1
DA:9,1
DA:10,1
DA:11,1
DA:13,1
DA:15,1
DA:26,5
DA:27,5
DA:29,5
DA:30,1
DA:32,4
LF:13
LH:13
BRDA:29,0,0,1
BRDA:29,0,1,4
BRF:2
BRH:2
end_of_record
TN:
SF:src/app/resources/get-token.ts
FN:14,(anonymous_0)
FNF:1
FNH:1
FNDA:8,(anonymous_0)
DA:5,3
DA:6,3
DA:8,3
DA:9,3
DA:10,3
DA:12,3
DA:14,3
DA:15,8
DA:16,7
DA:18,7
DA:25,5
DA:29,5
DA:30,5
DA:31,5
DA:34,5
DA:36,5
LF:16
LH:16
BRDA:27,0,0,0
BRDA:27,0,1,5
BRDA:27,1,0,5
BRDA:27,1,1,5
BRDA:30,2,0,5
BRDA:30,3,0,5
BRDA:30,3,1,5
BRF:7
BRH:6
end_of_record
TN:
SF:src/app/resources/get-user-audit.ts
FN:16,(anonymous_0)
FNF:1
FNH:1
FNDA:6,(anonymous_0)
DA:6,1
DA:7,1
DA:8,1
DA:9,1
DA:10,1
DA:11,1
DA:12,1
DA:14,1
DA:16,1
DA:27,6
DA:28,6
DA:29,6
DA:30,5
DA:32,5
DA:33,1
DA:35,4
LF:16
LH:16
BRDA:32,0,0,1
BRDA:32,0,1,4
BRF:2
BRH:2
end_of_record
TN:
SF:src/app/resources/get-users.ts
FN:13,(anonymous_6)
FN:35,(anonymous_7)
FNF:2
FNH:2
FNDA:3,(anonymous_6)
FNDA:4,(anonymous_7)
DA:6,1
DA:7,1
DA:8,1
DA:10,1
DA:11,1
DA:13,1
DA:21,3
DA:22,3
DA:25,3
DA:26,3
DA:33,3
DA:36,4
LF:12
LH:12
BRDA:21,0,0,3
BRF:1
BRH:1
end_of_record
TN:
SF:src/app/resources/initiate-case-file-upload.ts
FN:18,(anonymous_6)
FNF:1
FNH:1
FNDA:81,(anonymous_6)
DA:6,73
DA:8,73
DA:9,73
DA:10,73
DA:11,73
DA:12,73
DA:13,73
DA:14,73
DA:16,73
DA:18,73
DA:27,81
DA:28,79
DA:33,66
DA:34,1
DA:37,65
DA:38,64
DA:40,59
DA:48,59
LF:18
LH:18
BRDA:33,0,0,1
BRF:1
BRH:1
end_of_record
TN:
SF:src/app/resources/list-case-files.ts
FN:17,(anonymous_1)
FNF:1
FNH:1
FNDA:5,(anonymous_1)
DA:6,73
DA:7,73
DA:8,73
DA:9,73
DA:10,73
DA:11,73
DA:12,73
DA:14,73
DA:15,73
DA:17,73
DA:24,5
DA:25,5
DA:26,5
DA:27,5
DA:28,5
DA:31,5
DA:33,5
DA:34,5
DA:35,5
DA:36,1
DA:39,4
DA:47,4
DA:49,4
LF:23
LH:23
BRDA:25,0,0,5
BRDA:26,1,0,5
BRDA:35,2,0,1
BRF:3
BRH:3
end_of_record
TN:
SF:src/app/resources/refresh-token.ts
FN:12,(anonymous_0)
FNF:1
FNH:1
FNDA:3,(anonymous_0)
DA:6,2
DA:7,2
DA:8,2
DA:10,2
DA:12,2
DA:13,3
DA:14,3
DA:16,1
DA:21,1
DA:23,1
LF:10
LH:10
BRDA:18,0,0,0
BRDA:18,0,1,1
BRDA:18,1,0,1
BRDA:18,1,1,1
BRF:4
BRH:3
end_of_record
TN:
SF:src/app/resources/restore-case-file.ts
FN:17,(anonymous_0)
FNF:1
FNH:1
FNDA:11,(anonymous_0)
DA:6,73
DA:7,73
DA:8,73
DA:9,73
DA:10,73
DA:11,73
DA:12,73
DA:13,73
DA:15,73
DA:17,73
DA:26,11
DA:27,10
DA:29,9
DA:30,9
DA:31,1
DA:33,8
DA:34,1
DA:37,7
DA:39,7
LF:19
LH:19
BRDA:30,0,0,1
BRDA:33,1,0,1
BRF:2
BRH:2
end_of_record
TN:
SF:src/app/resources/revoke-token.ts
FN:10,(anonymous_0)
FNF:1
FNH:1
FNDA:2,(anonymous_0)
DA:5,1
DA:6,1
DA:8,1
DA:10,1
DA:11,2
DA:12,2
DA:14,1
LF:7
LH:7
BRF:0
BRH:0
end_of_record
TN:
SF:src/app/resources/start-case-audit.ts
FN:17,(anonymous_1)
FNF:1
FNH:1
FNDA:3,(anonymous_1)
DA:6,1
DA:7,1
DA:8,1
DA:9,1
DA:10,1
DA:11,1
DA:12,1
DA:13,1
DA:15,1
DA:17,1
DA:28,3
DA:29,3
DA:30,3
DA:31,3
DA:32,3
DA:33,3
DA:35,3
DA:37,2
DA:46,1
LF:19
LH:19
BRF:0
BRH:0
end_of_record
TN:
SF:src/app/resources/start-case-file-audit.ts
FN:18,(anonymous_1)
FNF:1
FNH:1
FNDA:4,(anonymous_1)
DA:6,1
DA:7,1
DA:8,1
DA:9,1
DA:10,1
DA:11,1
DA:12,1
DA:13,1
DA:14,1
DA:16,1
DA:18,1
DA:29,4
DA:30,4
DA:31,4
DA:33,4
DA:34,4
DA:35,4
DA:36,4
DA:38,4
DA:39,3
DA:41,2
DA:51,1
LF:22
LH:22
BRF:0
BRH:0
end_of_record
TN:
SF:src/app/resources/start-system-audit.ts
FN:15,(anonymous_1)
FNF:1
FNH:1
FNDA:2,(anonymous_1)
DA:6,1
DA:7,1
DA:8,1
DA:9,1
DA:10,1
DA:11,1
DA:13,1
DA:15,1
DA:26,2
DA:27,2
DA:28,2
DA:29,2
DA:30,2
DA:31,2
DA:38,1
LF:15
LH:15
BRF:0
BRH:0
end_of_record
TN:
SF:src/app/resources/start-user-audit.ts
FN:17,(anonymous_1)
FNF:1
FNH:1
FNDA:3,(anonymous_1)
DA:6,1
DA:7,1
DA:8,1
DA:9,1
DA:10,1
DA:11,1
DA:12,1
DA:13,1
DA:15,1
DA:17,1
DA:28,3
DA:29,3
DA:30,3
DA:31,2
DA:32,2
DA:33,2
DA:34,2
DA:35,2
DA:44,1
LF:19
LH:19
BRF:0
BRH:0
end_of_record
TN:
SF:src/app/resources/update-case-membership.ts
FN:16,(anonymous_0)
FNF:1
FNH:1
FNDA:8,(anonymous_0)
DA:6,1
DA:8,1
DA:9,1
DA:10,1
DA:11,1
DA:12,1
DA:14,1
DA:16,1
DA:23,8
DA:24,7
DA:26,6
DA:28,4
DA:29,1
DA:32,3
DA:33,1
DA:36,2
DA:38,1
LF:17
LH:17
BRDA:28,0,0,1
BRDA:32,1,0,1
BRF:2
BRH:2
end_of_record
TN:
SF:src/app/resources/update-case-status.ts
FN:20,(anonymous_6)
FNF:1
FNH:1
FNDA:23,(anonymous_6)
DA:6,73
DA:8,73
DA:9,73
DA:10,73
DA:11,73
DA:12,73
DA:13,73
DA:14,73
DA:15,73
DA:16,73
DA:18,73
DA:20,73
DA:29,23
DA:30,22
DA:35,20
DA:37,20
DA:38,1
DA:41,19
DA:42,1
DA:45,18
DA:46,1
DA:49,17
DA:50,1
DA:53,16
DA:54,2
DA:59,1
DA:61,1
DA:63,1
DA:67,14
DA:74,12
LF:30
LH:30
BRDA:37,0,0,1
BRDA:41,1,0,1
BRDA:41,2,0,19
BRDA:41,2,1,16
BRDA:45,3,0,1
BRDA:45,4,0,18
BRDA:45,4,1,15
BRDA:49,5,0,1
BRDA:49,6,0,17
BRDA:49,6,1,1
BRDA:53,7,0,2
BRDA:54,8,0,1
BRDA:55,9,0,2
BRDA:55,9,1,1
BRDA:61,10,0,1
BRF:15
BRH:15
end_of_record
TN:
SF:src/app/resources/update-cases.ts
FN:16,(anonymous_6)
FNF:1
FNH:1
FNDA:11,(anonymous_6)
DA:6,1
DA:8,1
DA:9,1
DA:10,1
DA:11,1
DA:12,1
DA:14,1
DA:16,1
DA:23,11
DA:25,10
DA:27,6
DA:28,1
DA:31,5
DA:33,3
LF:14
LH:14
BRDA:27,0,0,1
BRF:1
BRH:1
end_of_record
TN:
SF:src/app/resources/verify-case-acls.ts
FN:22,(anonymous_0)
FN:43,(anonymous_1)
FN:44,(anonymous_2)
FN:49,(anonymous_3)
FN:56,(anonymous_4)
FN:67,(anonymous_5)
FNF:6
FNH:6
FNDA:6,(anonymous_0)
FNDA:4,(anonymous_1)
FNDA:13,(anonymous_2)
FNDA:9,(anonymous_3)
FNDA:3,(anonymous_4)
FNDA:5,(anonymous_5)
DA:6,1
DA:8,1
DA:9,1
DA:11,1
DA:12,1
DA:13,1
DA:14,1
DA:22,1
DA:27,6
DA:29,1
DA:33,5
DA:34,5
DA:37,5
DA:38,5
DA:40,1
DA:43,4
DA:44,4
DA:45,13
DA:49,4
DA:50,9
DA:51,2
DA:56,1
DA:63,3
DA:64,3
DA:67,1
DA:68,5
LF:26
LH:26
BRDA:25,0,0,1
BRDA:27,1,0,1
BRDA:38,2,0,1
BRDA:50,3,0,2
BRF:4
BRH:4
end_of_record
TN:
SF:src/app/services/audit-service.ts
FN:21,(anonymous_7)
FN:27,(anonymous_8)
FN:34,(anonymous_9)
FN:74,(anonymous_10)
FN:224,(anonymous_11)
FN:233,(anonymous_12)
FN:237,(anonymous_13)
FN:270,(anonymous_14)
FN:292,(anonymous_15)
FN:316,(anonymous_16)
FN:338,(anonymous_17)
FN:357,(anonymous_18)
FN:372,(anonymous_19)
FN:387,(anonymous_20)
FN:401,(anonymous_21)
FN:416,(anonymous_22)
FN:443,(anonymous_23)
FN:453,(anonymous_24)
FN:455,(anonymous_25)
FN:458,(anonymous_26)
FN:459,(anonymous_27)
FN:466,getS3KeyForCaseFile
FNF:22
FNH:22
FNDA:78,(anonymous_7)
FNDA:78,(anonymous_8)
FNDA:78,(anonymous_9)
FNDA:78,(anonymous_10)
FNDA:81,(anonymous_11)
FNDA:3,(anonymous_12)
FNDA:8,(anonymous_13)
FNDA:2,(anonymous_14)
FNDA:2,(anonymous_15)
FNDA:2,(anonymous_16)
FNDA:2,(anonymous_17)
FNDA:5,(anonymous_18)
FNDA:5,(anonymous_19)
FNDA:5,(anonymous_20)
FNDA:5,(anonymous_21)
FNDA:20,(anonymous_22)
FNDA:4,(anonymous_23)
FNDA:8,(anonymous_24)
FNDA:8,(anonymous_25)
FNDA:16,(anonymous_26)
FNDA:16,(anonymous_27)
FNDA:2,getS3KeyForCaseFile
DA:7,78
DA:8,78
DA:15,78
DA:16,78
DA:17,78
DA:19,78
DA:21,78
DA:22,78
DA:23,78
DA:24,78
DA:27,78
DA:28,78
DA:29,78
DA:32,78
DA:34,78
DA:35,78
DA:36,78
DA:37,78
DA:38,78
DA:39,78
DA:40,78
DA:41,78
DA:42,78
DA:43,78
DA:44,78
DA:45,78
DA:46,78
DA:47,78
DA:48,78
DA:49,78
DA:50,78
DA:51,78
DA:52,78
DA:53,78
DA:54,78
DA:55,78
DA:56,78
DA:57,78
DA:58,78
DA:59,78
DA:60,78
DA:61,78
DA:62,78
DA:63,78
DA:64,78
DA:65,78
DA:66,78
DA:67,78
DA:68,78
DA:69,78
DA:70,78
DA:71,78
DA:74,78
DA:75,78
DA:76,78
DA:77,78
DA:78,78
DA:79,78
DA:80,78
DA:81,78
DA:82,78
DA:183,78
DA:213,78
DA:214,78
DA:222,78
DA:223,78
DA:230,81
DA:234,3
DA:248,8
DA:249,8
DA:250,8
DA:257,8
DA:258,8
DA:259,4
DA:262,4
DA:278,2
DA:279,2
DA:280,2
DA:301,2
DA:302,2
DA:303,2
DA:304,2
DA:324,2
DA:325,2
DA:326,2
DA:344,2
DA:345,2
DA:363,5
DA:369,5
DA:378,5
DA:384,5
DA:392,5
DA:398,5
DA:407,5
DA:413,5
DA:420,20
DA:424,20
DA:426,20
DA:431,4
DA:436,16
DA:444,4
DA:445,0
DA:448,4
DA:449,4
DA:450,4
DA:452,4
DA:453,8
DA:455,4
DA:458,16
DA:459,16
DA:461,4
DA:462,4
DA:467,2
DA:470,78
LF:114
LH:113
BRDA:21,0,0,78
BRDA:21,0,1,78
BRDA:27,1,0,78
BRDA:27,1,1,78
BRDA:34,2,0,78
BRDA:34,2,1,78
BRDA:74,3,0,78
BRDA:74,3,1,78
BRDA:249,4,0,6
BRDA:249,4,1,2
BRDA:258,5,0,4
BRDA:426,6,0,4
BRDA:426,6,1,16
BRDA:427,7,0,20
BRDA:427,7,1,12
BRDA:427,7,2,8
BRDA:437,8,0,12
BRDA:437,8,1,4
BRDA:437,9,0,16
BRDA:437,9,1,16
BRDA:444,10,0,0
BRDA:453,11,0,0
BRDA:453,11,1,8
BRDA:453,12,0,8
BRDA:453,12,1,8
BRF:25
BRH:23
end_of_record
TN:
SF:src/app/services/auth-service.ts
FN:37,(anonymous_1)
FN:77,(anonymous_2)
FN:117,(anonymous_3)
FN:129,(anonymous_4)
FN:137,(anonymous_5)
FN:170,(anonymous_6)
FN:187,(anonymous_7)
FN:231,(anonymous_8)
FN:254,(anonymous_9)
FN:273,(anonymous_10)
FN:300,(anonymous_11)
FN:322,(anonymous_12)
FN:339,(anonymous_13)
FN:350,(anonymous_14)
FN:354,(anonymous_15)
FNF:15
FNH:15
FNDA:35,(anonymous_1)
FNDA:40,(anonymous_2)
FNDA:3,(anonymous_3)
FNDA:2,(anonymous_4)
FNDA:1,(anonymous_5)
FNDA:21,(anonymous_6)
FNDA:11,(anonymous_7)
FNDA:11,(anonymous_8)
FNDA:6,(anonymous_9)
FNDA:6,(anonymous_10)
FNDA:4,(anonymous_11)
FNDA:4,(anonymous_12)
FNDA:3,(anonymous_13)
FNDA:2,(anonymous_14)
FNDA:3,(anonymous_15)
DA:6,9
DA:11,9
DA:12,9
DA:14,9
DA:15,9
DA:16,9
DA:18,9
DA:19,9
DA:21,9
DA:22,9
DA:37,9
DA:38,35
DA:39,27
DA:42,8
DA:44,8
DA:45,8
DA:46,8
DA:47,8
DA:48,8
DA:49,8
DA:51,8
DA:64,8
DA:65,0
DA:77,8
DA:78,40
DA:80,8
DA:81,8
DA:83,8
DA:84,8
DA:86,8
DA:87,8
DA:89,8
DA:90,8
DA:92,8
DA:93,8
DA:95,0
DA:96,0
DA:100,8
DA:101,8
DA:109,8
DA:111,0
DA:117,9
DA:118,3
DA:120,3
DA:122,3
DA:123,0
DA:126,3
DA:129,9
DA:130,2
DA:132,2
DA:134,2
DA:137,9
DA:138,1
DA:141,1
DA:142,1
DA:147,1
DA:152,1
DA:158,1
DA:160,1
DA:166,1
DA:167,1
DA:170,9
DA:171,21
DA:173,21
DA:174,21
DA:177,21
DA:178,21
DA:180,21
DA:181,21
DA:183,0
DA:187,9
DA:193,11
DA:194,11
DA:198,11
DA:199,11
DA:202,0
DA:207,11
DA:208,7
DA:211,11
DA:213,11
DA:214,11
DA:215,11
DA:216,11
DA:217,11
DA:218,11
DA:220,11
DA:221,11
DA:223,0
DA:227,11
DA:231,11
DA:234,11
DA:235,4
DA:236,4
DA:237,4
DA:239,0
DA:240,0
DA:242,0
DA:246,7
DA:247,7
DA:248,7
DA:251,7
DA:254,9
DA:255,6
DA:256,6
DA:260,6
DA:262,6
DA:263,6
DA:264,6
DA:265,6
DA:266,6
DA:269,6
DA:273,6
DA:276,6
DA:277,3
DA:278,3
DA:279,3
DA:281,0
DA:282,0
DA:284,0
DA:289,3
DA:292,3
DA:293,3
DA:294,3
DA:297,3
DA:300,9
DA:301,4
DA:302,4
DA:306,4
DA:309,4
DA:311,4
DA:312,4
DA:313,4
DA:314,4
DA:317,4
DA:322,4
DA:325,4
DA:326,2
DA:327,2
DA:328,2
DA:330,0
DA:331,0
DA:333,0
DA:336,2
DA:339,9
DA:340,3
DA:341,2
DA:342,2
DA:343,2
DA:344,2
DA:350,2
DA:351,2
DA:353,2
DA:354,3
DA:356,2
DA:357,2
DA:358,0
DA:360,2
LF:157
LH:139
BRDA:38,0,0,27
BRDA:64,1,0,0
BRDA:78,2,0,8
BRDA:78,2,1,8
BRDA:78,2,2,8
BRDA:78,2,3,8
BRDA:78,2,4,8
BRDA:78,2,5,0
BRDA:100,3,0,8
BRDA:100,3,1,0
BRDA:100,4,0,8
BRDA:100,4,1,8
BRDA:100,4,2,8
BRDA:100,4,3,8
BRDA:100,4,4,8
BRDA:122,5,0,0
BRDA:141,6,0,0
BRDA:141,6,1,1
BRDA:180,7,0,21
BRDA:180,7,1,0
BRDA:199,8,0,0
BRDA:203,9,0,0
BRDA:203,9,1,0
BRDA:203,10,0,0
BRDA:203,10,1,0
BRDA:207,11,0,7
BRDA:220,12,0,11
BRDA:220,12,1,0
BRDA:234,13,0,4
BRDA:236,14,0,4
BRDA:239,15,0,0
BRDA:246,16,0,7
BRDA:246,17,0,7
BRDA:246,17,1,7
BRDA:276,18,0,3
BRDA:278,19,0,3
BRDA:281,20,0,0
BRDA:292,21,0,3
BRDA:292,22,0,3
BRDA:292,22,1,3
BRDA:325,23,0,2
BRDA:327,24,0,2
BRDA:330,25,0,0
BRDA:350,26,0,0
BRDA:350,26,1,2
BRDA:350,27,0,2
BRDA:350,27,1,2
BRDA:351,28,0,1
BRDA:351,28,1,1
BRDA:351,29,0,2
BRDA:351,29,1,2
BRDA:351,30,0,1
BRDA:351,30,1,1
BRDA:351,31,0,2
BRDA:351,31,1,2
BRDA:351,32,0,1
BRDA:351,32,1,1
BRDA:351,33,0,2
BRDA:351,33,1,2
BRDA:353,34,0,0
BRDA:353,34,1,2
BRDA:353,35,0,2
BRDA:353,35,1,2
BRDA:356,36,0,2
BRDA:356,36,1,0
BRDA:356,37,0,2
BRDA:356,37,1,2
BRDA:356,38,0,0
BRDA:356,38,1,2
BRDA:356,39,0,2
BRDA:356,39,1,2
BRDA:357,40,0,0
BRDA:357,41,0,2
BRDA:357,41,1,2
BRF:74
BRH:54
end_of_record
TN:
SF:src/app/services/case-file-service.ts
FN:32,(anonymous_6)
FN:69,(anonymous_7)
FN:93,(anonymous_8)
FN:116,validateUploadRequirements
FN:136,(anonymous_10)
FN:145,(anonymous_11)
FN:161,(anonymous_12)
FN:166,(anonymous_13)
FN:172,(anonymous_14)
FN:176,(anonymous_15)
FN:201,(anonymous_16)
FN:209,(anonymous_17)
FNF:12
FNH:12
FNDA:60,(anonymous_6)
FNDA:65,(anonymous_7)
FNDA:45,(anonymous_8)
FNDA:110,validateUploadRequirements
FNDA:39,(anonymous_10)
FNDA:5,(anonymous_11)
FNDA:18,(anonymous_12)
FNDA:17,(anonymous_13)
FNDA:18,(anonymous_14)
FNDA:17,(anonymous_15)
FNDA:33,(anonymous_16)
FNDA:51,(anonymous_17)
DA:15,73
DA:16,73
DA:18,73
DA:19,73
DA:21,73
DA:22,73
DA:27,73
DA:28,73
DA:29,73
DA:30,73
DA:32,73
DA:41,60
DA:42,60
DA:47,59
DA:48,59
DA:50,1
DA:52,1
DA:57,1
DA:62,1
DA:64,0
DA:69,73
DA:74,65
DA:76,62
DA:83,62
DA:86,2
DA:87,1
DA:89,1
DA:93,73
DA:98,45
DA:99,42
DA:105,41
DA:106,1
DA:109,40
DA:110,1
DA:113,39
DA:121,110
DA:122,110
DA:126,2
DA:129,108
DA:131,106
DA:132,2
DA:136,73
DA:141,39
DA:142,39
DA:145,73
DA:152,5
DA:161,73
DA:166,18
DA:168,18
DA:169,18
DA:172,73
DA:176,18
DA:177,17
DA:178,17
DA:179,17
DA:180,17
DA:182,17
DA:201,73
DA:206,33
DA:209,73
DA:214,51
DA:215,51
DA:216,3
DA:218,48
LF:64
LH:63
BRDA:39,0,0,59
BRDA:50,1,0,1
BRDA:50,1,1,0
BRDA:50,2,0,1
BRDA:50,2,1,1
BRDA:50,2,2,1
BRDA:83,3,0,2
BRDA:86,4,0,1
BRDA:105,5,0,1
BRDA:109,6,0,1
BRDA:122,7,0,2
BRDA:131,8,0,2
BRDA:150,9,0,1
BRDA:179,10,0,17
BRDA:180,11,0,0
BRDA:180,11,1,17
BRDA:180,12,0,17
BRDA:180,12,1,17
BRDA:180,13,0,0
BRDA:180,13,1,17
BRDA:180,14,0,17
BRDA:180,14,1,17
BRDA:215,15,0,3
BRF:23
BRH:20
end_of_record
TN:
SF:src/app/services/case-service.ts
FN:25,(anonymous_6)
FN:37,(anonymous_7)
FN:47,(anonymous_8)
FN:55,(anonymous_9)
FN:101,(anonymous_10)
FN:109,(anonymous_11)
FN:116,(anonymous_12)
FN:131,(anonymous_13)
FN:177,(anonymous_14)
FN:185,(anonymous_15)
FNF:10
FNH:10
FNDA:27,(anonymous_6)
FNDA:1,(anonymous_7)
FNDA:2,(anonymous_8)
FNDA:3,(anonymous_9)
FNDA:30,(anonymous_10)
FNDA:165,(anonymous_11)
FNDA:7,(anonymous_12)
FNDA:14,(anonymous_13)
FNDA:3,(anonymous_14)
FNDA:128,(anonymous_15)
DA:7,73
DA:10,73
DA:12,73
DA:14,73
DA:15,73
DA:16,73
DA:17,73
DA:18,73
DA:20,73
DA:21,73
DA:22,73
DA:23,73
DA:25,73
DA:30,27
DA:31,27
DA:34,1
DA:35,1
DA:36,1
DA:37,1
DA:39,1
DA:40,1
DA:43,0
DA:47,73
DA:52,2
DA:55,73
DA:62,3
DA:69,3
DA:72,3
DA:73,3
DA:74,3
DA:75,3
DA:76,30
DA:77,30
DA:78,30
DA:79,30
DA:81,1
DA:86,1
DA:87,1
DA:88,1
DA:93,3
DA:98,3
DA:100,3
DA:101,30
DA:103,3
DA:104,3
DA:106,3
DA:109,73
DA:113,165
DA:116,73
DA:120,7
DA:121,7
DA:124,2
DA:125,1
DA:127,1
DA:131,73
DA:138,14
DA:139,14
DA:146,14
DA:147,1
DA:150,13
DA:151,13
DA:152,13
DA:153,11
DA:155,2
DA:163,9
DA:164,9
DA:172,2
DA:173,2
DA:177,73
DA:181,3
DA:182,3
DA:185,73
DA:189,128
DA:190,128
DA:191,6
DA:193,122
LF:76
LH:75
BRDA:34,0,0,1
BRDA:36,1,0,0
BRDA:36,1,1,1
BRDA:36,2,0,1
BRDA:36,2,1,1
BRDA:36,3,0,0
BRDA:36,3,1,1
BRDA:36,4,0,1
BRDA:36,4,1,1
BRDA:39,5,0,1
BRDA:39,6,0,1
BRDA:39,6,1,1
BRDA:50,7,0,1
BRDA:59,8,0,1
BRDA:79,9,0,1
BRDA:124,10,0,1
BRDA:124,11,0,2
BRDA:124,11,1,2
BRDA:138,12,0,13
BRDA:138,12,1,1
BRDA:146,13,0,1
BRDA:153,14,0,2
BRDA:190,15,0,6
BRF:23
BRH:21
end_of_record
TN:
SF:src/app/services/case-user-service.ts
FN:17,(anonymous_6)
FN:27,(anonymous_7)
FN:58,(anonymous_8)
FN:81,(anonymous_9)
FN:88,(anonymous_10)
FN:97,(anonymous_11)
FN:138,(anonymous_12)
FN:146,(anonymous_13)
FN:155,(anonymous_14)
FNF:9
FNH:9
FNDA:10,(anonymous_6)
FNDA:12,(anonymous_7)
FNDA:3,(anonymous_8)
FNDA:64,(anonymous_9)
FNDA:1,(anonymous_10)
FNDA:3,(anonymous_11)
FNDA:2,(anonymous_12)
FNDA:3,(anonymous_13)
FNDA:6,(anonymous_14)
DA:7,73
DA:10,73
DA:11,73
DA:13,73
DA:14,73
DA:15,73
DA:17,73
DA:24,10
DA:27,73
DA:31,12
DA:32,12
DA:33,4
DA:35,8
DA:37,8
DA:38,4
DA:41,4
DA:42,4
DA:48,4
DA:51,1
DA:52,1
DA:54,0
DA:58,73
DA:62,3
DA:66,3
DA:67,1
DA:70,2
DA:78,2
DA:81,73
DA:85,64
DA:88,73
DA:94,1
DA:97,73
DA:101,3
DA:102,3
DA:108,3
DA:109,26
DA:115,3
DA:117,3
DA:118,3
DA:119,1
DA:120,1
DA:126,1
DA:127,4
DA:133,1
DA:134,1
DA:138,73
DA:143,2
DA:146,73
DA:152,3
DA:155,73
DA:159,6
DA:160,6
DA:161,6
DA:164,5
DA:165,1
DA:167,4
LF:56
LH:55
BRDA:32,0,0,4
BRDA:37,1,0,4
BRDA:51,2,0,1
BRDA:51,3,0,1
BRDA:51,3,1,1
BRDA:66,4,0,1
BRDA:92,5,0,1
BRDA:150,6,0,1
BRDA:164,7,0,1
BRDA:164,8,0,5
BRDA:164,8,1,5
BRF:11
BRH:11
end_of_record
TN:
SF:src/app/services/service-helpers.ts
FN:6,retry
FN:20,(anonymous_1)
FN:20,(anonymous_2)
FNF:3
FNH:3
FNDA:5,retry
FNDA:4,(anonymous_1)
FNDA:4,(anonymous_2)
DA:6,77
DA:7,5
DA:8,9
DA:9,9
DA:11,5
DA:12,4
DA:14,1
DA:20,77
LF:8
LH:8
BRDA:6,0,0,3
BRDA:6,1,0,3
BRDA:11,2,0,4
BRDA:11,2,1,1
BRF:4
BRH:4
end_of_record
TN:
SF:src/app/services/session-service.ts
FN:14,(anonymous_6)
FN:26,(anonymous_7)
FN:45,(anonymous_8)
FN:63,(anonymous_9)
FN:76,(anonymous_10)
FN:108,(anonymous_11)
FN:127,(anonymous_12)
FN:158,isSessionExpired
FN:164,(anonymous_14)
FNF:9
FNH:9
FNDA:15,(anonymous_6)
FNDA:1,(anonymous_7)
FNDA:41,(anonymous_8)
FNDA:22,(anonymous_9)
FNDA:15,(anonymous_10)
FNDA:4,(anonymous_11)
FNDA:3,(anonymous_12)
FNDA:5,isSessionExpired
FNDA:5,(anonymous_14)
DA:6,76
DA:9,76
DA:10,76
DA:12,76
DA:14,76
DA:18,15
DA:19,15
DA:26,1
DA:27,1
DA:32,1
DA:33,0
DA:35,1
DA:37,1
DA:38,0
DA:41,1
DA:45,76
DA:49,41
DA:63,76
DA:70,22
DA:76,22
DA:77,22
DA:78,8
DA:79,3
DA:82,5
DA:83,1
DA:86,4
DA:87,0
DA:90,4
DA:91,4
DA:93,14
DA:100,14
DA:108,76
DA:112,4
DA:113,4
DA:115,0
DA:116,0
DA:118,0
DA:127,76
DA:134,3
DA:136,3
DA:137,0
DA:139,3
DA:140,3
DA:141,3
DA:149,0
DA:150,0
DA:152,0
DA:159,5
DA:160,5
DA:164,76
DA:165,5
DA:166,0
DA:169,5
LF:53
LH:42
BRDA:32,0,0,0
BRDA:37,1,0,0
BRDA:77,2,0,8
BRDA:77,2,1,14
BRDA:78,3,0,3
BRDA:82,4,0,1
BRDA:86,5,0,0
BRDA:115,6,0,0
BRDA:115,6,1,0
BRDA:115,7,0,0
BRDA:115,7,1,0
BRDA:136,8,0,0
BRDA:136,8,1,3
BRDA:149,9,0,0
BRDA:149,9,1,0
BRDA:149,10,0,0
BRDA:149,10,1,0
BRDA:165,11,0,0
BRF:18
BRH:5
end_of_record
TN:
SF:src/app/services/user-service.ts
FN:13,(anonymous_6)
FN:25,(anonymous_7)
FN:40,(anonymous_8)
FN:52,(anonymous_9)
FN:59,(anonymous_10)
FN:66,(anonymous_11)
FN:75,(anonymous_12)
FNF:7
FNH:7
FNDA:91,(anonymous_6)
FNDA:2,(anonymous_7)
FNDA:1,(anonymous_8)
FNDA:119,(anonymous_9)
FNDA:25,(anonymous_10)
FNDA:3,(anonymous_11)
FNDA:9,(anonymous_12)
DA:9,76
DA:10,76
DA:11,76
DA:13,76
DA:17,91
DA:18,91
DA:25,2
DA:26,2
DA:27,2
DA:28,0
DA:30,2
DA:32,2
DA:33,0
DA:36,2
DA:40,76
DA:45,1
DA:49,1
DA:52,76
DA:56,119
DA:59,76
DA:63,25
DA:66,76
DA:72,3
DA:75,76
DA:76,9
DA:77,9
DA:78,2
LF:27
LH:25
BRDA:27,0,0,0
BRDA:32,1,0,0
BRDA:70,2,0,2
BRDA:77,3,0,2
BRF:4
BRH:2
end_of_record
TN:
SF:src/models/case-action.ts
FN:6,(anonymous_0)
FNF:1
FNH:1
FNDA:78,(anonymous_0)
DA:6,78
DA:7,78
DA:8,78
DA:9,78
DA:10,78
DA:11,78
DA:12,78
DA:13,78
DA:14,78
DA:15,78
DA:18,78
LF:11
LH:11
BRDA:6,0,0,78
BRDA:6,0,1,78
BRF:2
BRH:2
end_of_record
TN:
SF:src/models/case-file-status.ts
FN:6,(anonymous_0)
FNF:1
FNH:1
FNDA:78,(anonymous_0)
DA:6,78
DA:7,78
DA:8,78
DA:9,78
DA:10,78
DA:11,78
LF:6
LH:6
BRDA:6,0,0,78
BRDA:6,0,1,78
BRF:2
BRH:2
end_of_record
TN:
SF:src/models/case-status.ts
FN:6,(anonymous_0)
FNF:1
FNH:1
FNDA:78,(anonymous_0)
DA:6,78
DA:7,78
DA:8,78
LF:3
LH:3
BRDA:6,0,0,78
BRDA:6,0,1,78
BRF:2
BRH:2
end_of_record
TN:
SF:src/models/projections.ts
FN:24,(anonymous_0)
FN:42,(anonymous_1)
FN:64,(anonymous_2)
FN:75,(anonymous_3)
FN:87,(anonymous_4)
FN:95,(anonymous_5)
FN:101,(anonymous_6)
FN:124,(anonymous_7)
FNF:8
FNH:8
FNDA:356,(anonymous_0)
FNDA:30,(anonymous_1)
FNDA:101,(anonymous_2)
FNDA:310,(anonymous_3)
FNDA:242,(anonymous_4)
FNDA:346,(anonymous_5)
FNDA:202,(anonymous_6)
FNDA:28,(anonymous_7)
DA:24,76
DA:25,356
DA:42,76
DA:46,30
DA:64,76
DA:65,101
DA:75,76
DA:76,310
DA:87,76
DA:88,242
DA:95,346
DA:101,76
DA:102,202
DA:124,76
DA:125,28
LF:15
LH:15
BRDA:58,0,0,30
BRDA:58,0,1,0
BRDA:58,1,0,30
BRDA:58,1,1,30
BRDA:95,2,0,242
BRDA:95,2,1,0
BRDA:95,3,0,242
BRDA:95,3,1,242
BRDA:95,4,0,0
BRDA:95,4,1,242
BRDA:95,5,0,242
BRDA:95,5,1,242
BRF:12
BRH:9
end_of_record
TN:
SF:src/models/validation/auth.ts
FNF:0
FNH:0
DA:6,78
DA:7,78
DA:9,78
DA:15,78
LF:4
LH:4
BRF:0
BRH:0
end_of_record
TN:
SF:src/models/validation/case-file.ts
FNF:0
FNH:0
DA:6,73
DA:7,73
DA:21,73
DA:32,73
DA:39,73
LF:5
LH:5
BRF:0
BRH:0
end_of_record
TN:
SF:src/models/validation/case-user.ts
FNF:0
FNH:0
DA:6,6
DA:7,6
DA:8,6
DA:10,6
DA:18,6
DA:31,6
LF:6
LH:6
BRF:0
BRH:0
end_of_record
TN:
SF:src/models/validation/case.ts
FNF:0
FNH:0
DA:6,73
DA:7,73
DA:8,73
DA:10,73
DA:16,73
DA:21,73
DA:37,73
DA:43,73
LF:8
LH:8
BRF:0
BRH:0
end_of_record
TN:
SF:src/models/validation/joi-common.ts
FNF:0
FNH:0
DA:6,78
DA:7,78
DA:8,78
DA:10,78
DA:11,78
DA:14,78
DA:15,78
DA:22,78
DA:24,78
DA:28,78
DA:30,78
DA:32,78
DA:34,78
DA:36,78
DA:38,78
DA:40,78
DA:42,78
DA:44,78
DA:51,78
DA:52,78
DA:54,78
DA:61,78
DA:69,78
DA:71,78
DA:73,78
DA:77,78
DA:81,78
DA:83,78
DA:85,78
DA:92,78
DA:94,78
DA:96,78
DA:98,78
DA:101,78
DA:106,78
DA:112,78
LF:36
LH:36
BRF:0
BRH:0
end_of_record
TN:
SF:src/models/validation/json-parse-with-dates.ts
FN:6,(anonymous_0)
FN:7,(anonymous_1)
FNF:2
FNH:2
FNDA:22,(anonymous_0)
FNDA:245,(anonymous_1)
DA:6,73
DA:7,22
DA:8,245
DA:9,44
DA:11,201
LF:5
LH:5
BRDA:8,0,0,44
BRF:1
BRH:1
end_of_record
TN:
SF:src/models/validation/session.ts
FNF:0
FNH:0
DA:6,1
DA:7,1
DA:9,1
LF:3
LH:3
BRF:0
BRH:0
end_of_record
TN:
SF:src/models/validation/user.ts
FNF:0
FNH:0
DA:6,2
DA:7,2
DA:9,2
LF:3
LH:3
BRF:0
BRH:0
end_of_record
TN:
SF:src/persistence/audit-job.ts
FN:10,(anonymous_0)
FN:25,(anonymous_1)
FNF:2
FNH:2
FNDA:31,(anonymous_0)
FNDA:22,(anonymous_1)
DA:6,78
DA:10,78
DA:16,31
DA:22,31
DA:25,78
DA:31,22
DA:36,22
DA:37,1
DA:40,21
LF:9
LH:9
BRDA:36,0,0,1
BRF:1
BRH:1
end_of_record
TN:
SF:src/persistence/case-file.ts
FN:17,(anonymous_1)
FN:34,(anonymous_2)
FN:64,(anonymous_3)
FN:77,(anonymous_4)
FN:82,(anonymous_5)
FN:99,(anonymous_6)
FN:129,(anonymous_7)
FN:168,(anonymous_8)
FN:184,(anonymous_9)
FN:206,(anonymous_10)
FN:225,(anonymous_11)
FNF:11
FNH:11
FNDA:60,(anonymous_1)
FNDA:39,(anonymous_2)
FNDA:16,(anonymous_3)
FNDA:12,(anonymous_4)
FNDA:2,(anonymous_5)
FNDA:8,(anonymous_6)
FNDA:89,(anonymous_7)
FNDA:96,(anonymous_8)
FNDA:62,(anonymous_9)
FNDA:5,(anonymous_10)
FNDA:4,(anonymous_11)
DA:7,73
DA:9,73
DA:10,73
DA:12,73
DA:15,73
DA:17,73
DA:23,60
DA:24,60
DA:31,59
DA:34,73
DA:38,39
DA:39,39
DA:48,39
DA:59,39
DA:60,39
DA:61,39
DA:64,73
DA:68,16
DA:77,16
DA:78,12
DA:82,73
DA:86,2
DA:96,2
DA:99,73
DA:103,8
DA:104,8
DA:115,8
DA:125,8
DA:126,8
DA:129,73
DA:130,89
DA:131,89
DA:132,64
DA:136,64
DA:138,64
DA:151,64
DA:152,64
DA:157,50
DA:159,14
DA:160,14
DA:162,0
DA:168,73
DA:173,96
DA:178,96
DA:179,8
DA:181,88
DA:184,73
DA:190,62
DA:200,62
DA:201,60
DA:203,2
DA:206,73
DA:213,5
DA:224,5
DA:225,4
DA:227,5
DA:228,5
DA:229,5
LF:58
LH:57
BRDA:78,0,0,12
BRDA:78,0,1,0
BRDA:78,1,0,12
BRDA:78,1,1,12
BRDA:96,2,0,2
BRDA:96,2,1,0
BRDA:126,3,0,8
BRDA:126,3,1,0
BRDA:131,4,0,64
BRDA:159,5,0,14
BRDA:159,5,1,0
BRDA:159,6,0,14
BRDA:159,6,1,14
BRDA:178,7,0,8
BRDA:200,8,0,60
BRF:15
BRH:11
end_of_record
TN:
SF:src/persistence/case-user.ts
FN:11,(anonymous_0)
FN:30,(anonymous_1)
FN:50,(anonymous_2)
FN:57,(anonymous_3)
FN:77,(anonymous_4)
FN:84,(anonymous_5)
FN:98,(anonymous_6)
FN:112,(anonymous_7)
FNF:8
FNH:8
FNDA:17,(anonymous_0)
FNDA:11,(anonymous_1)
FNDA:92,(anonymous_2)
FNDA:6,(anonymous_3)
FNDA:34,(anonymous_4)
FNDA:102,(anonymous_5)
FNDA:3,(anonymous_6)
FNDA:33,(anonymous_7)
DA:8,73
DA:11,73
DA:18,17
DA:23,17
DA:24,5
DA:27,12
DA:30,73
DA:36,11
DA:50,92
DA:51,11
DA:52,11
DA:54,11
DA:57,73
DA:63,6
DA:77,34
DA:78,6
DA:79,6
DA:81,6
DA:84,73
DA:88,102
DA:95,101
DA:98,73
DA:102,3
DA:109,3
DA:112,73
DA:120,33
LF:26
LH:26
BRDA:23,0,0,5
BRDA:34,1,0,1
BRDA:61,2,0,1
BRDA:118,3,0,3
BRF:4
BRH:4
end_of_record
TN:
SF:src/persistence/case.ts
FN:16,(anonymous_0)
FN:36,(anonymous_1)
FN:55,(anonymous_2)
FN:62,(anonymous_3)
FN:96,(anonymous_4)
FN:121,(anonymous_5)
FN:143,(anonymous_6)
FN:163,(anonymous_7)
FNF:8
FNH:8
FNDA:224,(anonymous_0)
FNDA:3,(anonymous_1)
FNDA:6,(anonymous_2)
FNDA:112,(anonymous_3)
FNDA:27,(anonymous_4)
FNDA:3,(anonymous_5)
FNDA:8,(anonymous_6)
FNDA:4,(anonymous_7)
DA:8,73
DA:9,73
DA:10,73
DA:11,73
DA:13,73
DA:16,73
DA:21,224
DA:29,224
DA:30,20
DA:33,204
DA:36,73
DA:41,3
DA:55,6
DA:56,3
DA:57,3
DA:59,3
DA:62,73
DA:67,112
DA:68,112
DA:77,111
DA:91,111
DA:93,110
DA:96,73
DA:103,27
DA:118,27
DA:121,73
DA:126,3
DA:140,3
DA:143,73
DA:147,8
DA:160,6
DA:163,73
DA:167,4
LF:33
LH:33
BRDA:18,0,0,194
BRDA:29,1,0,20
BRDA:39,2,0,1
BRF:3
BRH:3
end_of_record
TN:
SF:src/persistence/job.ts
FN:10,(anonymous_0)
FN:21,(anonymous_1)
FN:33,(anonymous_2)
FNF:3
FNH:3
FNDA:10,(anonymous_0)
FNDA:3,(anonymous_1)
FNDA:22,(anonymous_2)
DA:7,73
DA:10,73
DA:14,10
DA:18,10
DA:21,73
DA:27,3
DA:33,73
DA:39,22
DA:44,22
DA:45,4
DA:48,18
LF:11
LH:11
BRDA:44,0,0,4
BRF:1
BRH:1
end_of_record
TN:
SF:src/persistence/persistence-helpers.ts
FN:6,(anonymous_0)
FNF:1
FNH:1
FNDA:176,(anonymous_0)
DA:6,76
DA:7,176
LF:2
LH:2
BRF:0
BRH:0
end_of_record
TN:
SF:src/persistence/session.ts
FN:12,(anonymous_0)
FN:24,(anonymous_1)
FN:34,(anonymous_2)
FN:46,(anonymous_3)
FN:66,(anonymous_4)
FNF:5
FNH:5
FNDA:55,(anonymous_0)
FNDA:58,(anonymous_1)
FNDA:25,(anonymous_2)
FNDA:12,(anonymous_3)
FNDA:7,(anonymous_4)
DA:7,76
DA:9,76
DA:12,76
DA:16,55
DA:23,55
DA:24,58
DA:26,55
DA:27,55
DA:29,55
DA:31,55
DA:34,76
DA:38,25
DA:43,24
DA:46,76
DA:50,12
DA:63,12
DA:66,76
DA:73,7
DA:78,7
DA:79,0
DA:82,7
LF:21
LH:20
BRDA:78,0,0,0
BRF:1
BRH:0
end_of_record
TN:
SF:src/persistence/user.ts
FN:12,(anonymous_0)
FN:46,(anonymous_1)
FN:49,(anonymous_2)
FN:71,(anonymous_3)
FN:90,(anonymous_4)
FN:111,(anonymous_5)
FN:120,(anonymous_6)
FN:133,(anonymous_7)
FN:155,(anonymous_8)
FNF:9
FNH:9
FNDA:18,(anonymous_0)
FNDA:17,(anonymous_1)
FNDA:163,(anonymous_2)
FNDA:40,(anonymous_3)
FNDA:6,(anonymous_4)
FNDA:8,(anonymous_5)
FNDA:136,(anonymous_6)
FNDA:2,(anonymous_7)
FNDA:13,(anonymous_8)
DA:7,76
DA:9,76
DA:10,76
DA:12,76
DA:17,18
DA:18,18
DA:19,18
DA:20,18
DA:21,17
DA:22,17
DA:23,17
DA:25,0
DA:30,0
DA:31,0
DA:32,0
DA:36,18
DA:38,17
DA:43,17
DA:46,18
DA:49,76
DA:54,163
DA:64,163
DA:65,14
DA:68,149
DA:71,76
DA:77,40
DA:87,40
DA:90,76
DA:96,6
DA:97,6
DA:111,8
DA:112,6
DA:113,6
DA:115,6
DA:117,6
DA:120,76
DA:124,136
DA:130,134
DA:133,76
DA:137,2
DA:152,2
DA:155,76
DA:159,13
LF:43
LH:39
BRDA:23,0,0,0
BRDA:36,1,0,17
BRDA:64,2,0,14
BRDA:73,3,0,0
BRDA:94,4,0,1
BRDA:96,5,0,1
BRDA:96,5,1,5
BRDA:96,6,0,6
BRDA:96,6,1,6
BRDA:96,7,0,5
BRDA:96,7,1,1
BRDA:96,8,0,6
BRDA:96,8,1,6
BRF:13
BRH:11
end_of_record
TN:
SF:src/persistence/schema/dea-schema.ts
FN:13,(anonymous_0)
FN:119,(anonymous_1)
FNF:2
FNH:2
FNDA:78,(anonymous_0)
FNDA:25,(anonymous_1)
DA:6,78
DA:7,78
DA:8,78
DA:9,78
DA:11,78
DA:13,78
DA:14,78
DA:15,78
DA:16,78
DA:17,78
DA:20,78
DA:120,25
LF:12
LH:12
BRDA:13,0,0,78
BRDA:13,0,1,78
BRF:2
BRH:2
end_of_record
TN:
SF:src/persistence/schema/dea-table.ts
FNF:0
FNH:0
DA:6,76
DA:7,76
DA:8,76
DA:9,76
DA:10,76
DA:12,76
DA:13,76
DA:14,76
DA:16,76
LF:9
LH:9
BRDA:12,0,0,0
BRDA:12,0,1,76
BRDA:12,1,0,76
BRDA:12,1,1,76
BRF:4
BRH:3
end_of_record
TN:
SF:src/persistence/schema/entities.ts
FNF:0
FNH:0
DA:8,76
DA:11,76
DA:14,76
DA:17,76
DA:20,76
DA:23,76
DA:26,76
DA:29,76
DA:70,76
LF:9
LH:9
BRF:0
BRH:0
end_of_record
TN:
SF:src/storage/datasets.ts
FN:76,(anonymous_0)
FN:111,(anonymous_1)
FN:119,(anonymous_2)
FN:141,(anonymous_3)
FN:176,(anonymous_4)
FN:228,(anonymous_5)
FN:272,isS3ObjectArchived
FN:289,(anonymous_7)
FN:306,(anonymous_8)
FN:329,(anonymous_9)
FN:334,createJobManifestFile
FN:341,(anonymous_11)
FN:363,(anonymous_12)
FN:408,getS3KeyForCaseFile
FN:412,getUploadPresignedUrlPromise
FN:430,getDownloadPresignedUrlClient
FN:464,getUploadPresignedUrlClient
FN:498,getPolicyForUpload
FN:544,getPolicyForDownload
FNF:19
FNH:19
FNDA:59,(anonymous_0)
FNDA:59,(anonymous_1)
FNDA:39,(anonymous_2)
FNDA:23,(anonymous_3)
FNDA:7,(anonymous_4)
FNDA:7,(anonymous_5)
FNDA:14,isS3ObjectArchived
FNDA:13,(anonymous_7)
FNDA:10,(anonymous_8)
FNDA:3,(anonymous_9)
FNDA:11,createJobManifestFile
FNDA:11,(anonymous_11)
FNDA:10,(anonymous_12)
FNDA:112,getS3KeyForCaseFile
FNDA:59,getUploadPresignedUrlPromise
FNDA:2,getDownloadPresignedUrlClient
FNDA:59,getUploadPresignedUrlClient
FNDA:59,getPolicyForUpload
FNDA:2,getPolicyForDownload
DA:6,73
DA:24,73
DA:31,73
DA:32,73
DA:33,73
DA:34,73
DA:35,73
DA:38,73
DA:57,73
DA:76,73
DA:82,59
DA:83,59
DA:84,59
DA:96,59
DA:97,59
DA:98,59
DA:100,59
DA:101,59
DA:102,59
DA:103,59
DA:111,59
DA:112,59
DA:115,59
DA:116,59
DA:119,73
DA:123,39
DA:126,39
DA:127,39
DA:130,39
DA:131,39
DA:139,39
DA:140,23
DA:142,23
DA:147,39
DA:150,39
DA:155,39
DA:163,39
DA:165,39
DA:166,39
DA:176,73
DA:181,7
DA:183,7
DA:191,7
DA:193,7
DA:195,7
DA:196,6
DA:197,6
DA:198,6
DA:199,1
DA:200,1
DA:201,1
DA:204,5
DA:205,4
DA:206,4
DA:207,4
DA:210,1
DA:213,2
DA:214,2
DA:215,2
DA:222,2
DA:225,2
DA:228,73
DA:232,7
DA:234,7
DA:242,7
DA:244,7
DA:245,1
DA:246,1
DA:249,6
DA:250,1
DA:251,1
DA:257,5
DA:259,5
DA:260,5
DA:269,5
DA:273,14
DA:277,8
DA:279,6
DA:283,4
DA:286,2
DA:289,73
DA:294,13
DA:295,2
DA:296,2
DA:298,11
DA:300,11
DA:301,11
DA:302,10
DA:303,10
DA:306,73
DA:311,10
DA:320,8
DA:329,73
DA:330,3
DA:331,3
DA:339,11
DA:340,11
DA:341,11
DA:343,11
DA:353,11
DA:357,11
DA:358,1
DA:360,10
DA:363,73
DA:368,10
DA:369,10
DA:398,10
DA:400,10
DA:401,10
DA:402,10
DA:403,1
DA:405,9
DA:409,112
DA:419,59
DA:425,59
DA:435,2
DA:436,2
DA:447,2
DA:448,0
DA:449,0
DA:452,2
DA:469,59
DA:470,59
DA:481,59
DA:482,0
DA:483,0
DA:486,59
DA:499,59
DA:500,0
DA:501,0
DA:513,59
DA:515,59
DA:549,2
DA:550,0
DA:551,0
DA:563,2
DA:564,2
LF:137
LH:129
BRDA:139,0,0,23
BRDA:139,1,0,39
BRDA:139,1,1,39
BRDA:195,2,0,6
BRDA:198,3,0,1
BRDA:204,4,0,4
BRDA:244,5,0,1
BRDA:249,6,0,1
BRDA:257,7,0,0
BRDA:257,7,1,5
BRDA:273,8,0,8
BRDA:274,9,0,14
BRDA:274,9,1,8
BRDA:279,10,0,4
BRDA:280,11,0,6
BRDA:280,11,1,4
BRDA:294,12,0,2
BRDA:357,13,0,1
BRDA:402,14,0,1
BRDA:447,15,0,0
BRDA:447,16,0,2
BRDA:447,16,1,2
BRDA:447,16,2,2
BRDA:481,17,0,0
BRDA:481,18,0,59
BRDA:481,18,1,59
BRDA:481,18,2,59
BRDA:499,19,0,0
BRDA:549,20,0,0
BRF:29
BRH:24
end_of_record
TN:
SF:src/storage/s3-batch-delete-case-file-handler.ts
FN:19,(anonymous_0)
FNF:1
FNH:1
FNDA:16,(anonymous_0)
DA:7,2
DA:8,2
DA:13,2
DA:14,2
DA:19,2
DA:29,16
DA:30,16
DA:31,16
DA:32,16
DA:34,16
DA:35,16
DA:36,16
DA:37,16
DA:39,16
DA:40,2
DA:45,2
DA:46,2
DA:49,14
DA:50,2
DA:55,2
DA:56,2
DA:59,12
DA:60,12
DA:61,2
DA:66,2
DA:67,2
DA:70,10
DA:71,10
DA:72,8
DA:73,8
DA:74,8
DA:80,2
DA:81,2
DA:82,2
DA:84,0
DA:86,2
DA:94,16
LF:37
LH:36
BRDA:39,0,0,2
BRDA:49,1,0,2
BRDA:60,2,0,2
BRF:3
BRH:3
end_of_record
TN:
SF:src/storage/s3-batch-job-status-change-handler.ts
FN:32,(anonymous_0)
FN:89,updateCaseAndDeleteJob
FN:101,s3BatchJobSucceeded
FNF:3
FNH:3
FNDA:7,(anonymous_0)
FNDA:3,updateCaseAndDeleteJob
FNDA:2,s3BatchJobSucceeded
DA:8,1
DA:10,1
DA:11,1
DA:12,1
DA:13,1
DA:14,1
DA:15,1
DA:16,1
DA:32,1
DA:40,7
DA:41,7
DA:42,7
DA:44,7
DA:45,2
DA:46,2
DA:49,5
DA:50,5
DA:51,5
DA:52,1
DA:53,1
DA:55,4
DA:57,4
DA:58,4
DA:59,1
DA:60,1
DA:62,3
DA:64,3
DA:65,3
DA:66,3
DA:68,3
DA:69,3
DA:70,3
DA:71,1
DA:74,1
DA:75,1
DA:78,2
DA:79,1
DA:80,1
DA:82,1
DA:83,1
DA:85,2
DA:95,3
DA:96,3
DA:97,3
DA:98,3
DA:102,2
DA:107,1
DA:109,1
LF:48
LH:48
BRDA:44,0,0,2
BRDA:51,1,0,1
BRDA:58,2,0,1
BRDA:68,3,0,3
BRDA:68,4,0,3
BRDA:68,4,1,3
BRDA:70,5,0,1
BRDA:70,6,0,3
BRDA:70,6,1,3
BRDA:78,7,0,1
BRDA:78,7,1,1
BRDA:102,8,0,1
BRDA:103,9,0,2
BRDA:103,9,1,2
BRDA:103,9,2,2
BRF:15
BRH:15
end_of_record
